[0.027s] Invoking command in '/home/booster/Workspace/slamxjw/build/navigation_pkg': CMAKE_PREFIX_PATH=${CMAKE_PREFIX_PATH}:/opt/ros/humble CONDA_PROMPT_MODIFIER=(base) /usr/bin/cmake --build /home/booster/Workspace/slamxjw/build/navigation_pkg -- -j8 -l8
[0.124s] Invoked command in '/home/booster/Workspace/slamxjw/build/navigation_pkg' returned '0': CMAKE_PREFIX_PATH=${CMAKE_PREFIX_PATH}:/opt/ros/humble CONDA_PROMPT_MODIFIER=(base) /usr/bin/cmake --build /home/booster/Workspace/slamxjw/build/navigation_pkg -- -j8 -l8
[0.147s] Invoking command in '/home/booster/Workspace/slamxjw/build/navigation_pkg': CMAKE_PREFIX_PATH=${CMAKE_PREFIX_PATH}:/opt/ros/humble CONDA_PROMPT_MODIFIER=(base) /usr/bin/cmake --install /home/booster/Workspace/slamxjw/build/navigation_pkg
[0.170s] -- Install configuration: ""
[0.170s] -- Up-to-date: /home/booster/Workspace/slamxjw/install/navigation_pkg/share/navigation_pkg//launch
[0.171s] -- Up-to-date: /home/booster/Workspace/slamxjw/install/navigation_pkg/share/navigation_pkg//launch/__pycache__
[0.171s] -- Installing: /home/booster/Workspace/slamxjw/install/navigation_pkg/share/navigation_pkg//launch/__pycache__/nav2_demo_launch.cpython-310.pyc
[0.171s] -- Up-to-date: /home/booster/Workspace/slamxjw/install/navigation_pkg/share/navigation_pkg//launch/nav2_demo_launch.py
[0.171s] -- Up-to-date: /home/booster/Workspace/slamxjw/install/navigation_pkg/share/navigation_pkg//launch/navigation_launch_test.py
[0.171s] -- Up-to-date: /home/booster/Workspace/slamxjw/install/navigation_pkg/share/navigation_pkg//config
[0.171s] -- Up-to-date: /home/booster/Workspace/slamxjw/install/navigation_pkg/share/navigation_pkg//config/build
[0.171s] -- Up-to-date: /home/booster/Workspace/slamxjw/install/navigation_pkg/share/navigation_pkg//config/build/COLCON_IGNORE
[0.171s] -- Up-to-date: /home/booster/Workspace/slamxjw/install/navigation_pkg/share/navigation_pkg//config/build/.built_by
[0.172s] -- Up-to-date: /home/booster/Workspace/slamxjw/install/navigation_pkg/share/navigation_pkg//config/log
[0.172s] -- Up-to-date: /home/booster/Workspace/slamxjw/install/navigation_pkg/share/navigation_pkg//config/log/latest
[0.172s] -- Up-to-date: /home/booster/Workspace/slamxjw/install/navigation_pkg/share/navigation_pkg//config/log/COLCON_IGNORE
[0.172s] -- Up-to-date: /home/booster/Workspace/slamxjw/install/navigation_pkg/share/navigation_pkg//config/log/build_2025-05-15_13-54-40
[0.172s] -- Up-to-date: /home/booster/Workspace/slamxjw/install/navigation_pkg/share/navigation_pkg//config/log/build_2025-05-15_13-54-40/events.log
[0.172s] -- Up-to-date: /home/booster/Workspace/slamxjw/install/navigation_pkg/share/navigation_pkg//config/log/build_2025-05-15_13-54-40/logger_all.log
[0.172s] -- Up-to-date: /home/booster/Workspace/slamxjw/install/navigation_pkg/share/navigation_pkg//config/log/latest_build
[0.172s] -- Up-to-date: /home/booster/Workspace/slamxjw/install/navigation_pkg/share/navigation_pkg//config/factor_perception_nav2_params copy.yaml
[0.172s] -- Installing: /home/booster/Workspace/slamxjw/install/navigation_pkg/share/navigation_pkg//config/factor_perception_nav2_params.yaml
[0.173s] -- Up-to-date: /home/booster/Workspace/slamxjw/install/navigation_pkg/share/navigation_pkg//config/install
[0.173s] -- Up-to-date: /home/booster/Workspace/slamxjw/install/navigation_pkg/share/navigation_pkg//config/install/local_setup.ps1
[0.173s] -- Up-to-date: /home/booster/Workspace/slamxjw/install/navigation_pkg/share/navigation_pkg//config/install/local_setup.zsh
[0.173s] -- Up-to-date: /home/booster/Workspace/slamxjw/install/navigation_pkg/share/navigation_pkg//config/install/COLCON_IGNORE
[0.173s] -- Up-to-date: /home/booster/Workspace/slamxjw/install/navigation_pkg/share/navigation_pkg//config/install/setup.zsh
[0.173s] -- Up-to-date: /home/booster/Workspace/slamxjw/install/navigation_pkg/share/navigation_pkg//config/install/setup.bash
[0.173s] -- Up-to-date: /home/booster/Workspace/slamxjw/install/navigation_pkg/share/navigation_pkg//config/install/.colcon_install_layout
[0.173s] -- Up-to-date: /home/booster/Workspace/slamxjw/install/navigation_pkg/share/navigation_pkg//config/install/_local_setup_util_sh.py
[0.173s] -- Up-to-date: /home/booster/Workspace/slamxjw/install/navigation_pkg/share/navigation_pkg//config/install/local_setup.bash
[0.173s] -- Up-to-date: /home/booster/Workspace/slamxjw/install/navigation_pkg/share/navigation_pkg//config/install/setup.ps1
[0.174s] -- Up-to-date: /home/booster/Workspace/slamxjw/install/navigation_pkg/share/navigation_pkg//config/install/_local_setup_util_ps1.py
[0.174s] -- Up-to-date: /home/booster/Workspace/slamxjw/install/navigation_pkg/share/navigation_pkg//config/install/local_setup.sh
[0.174s] -- Up-to-date: /home/booster/Workspace/slamxjw/install/navigation_pkg/share/navigation_pkg//config/install/setup.sh
[0.174s] -- Up-to-date: /home/booster/Workspace/slamxjw/install/navigation_pkg/share/ament_index/resource_index/package_run_dependencies/navigation_pkg
[0.175s] -- Up-to-date: /home/booster/Workspace/slamxjw/install/navigation_pkg/share/ament_index/resource_index/parent_prefix_path/navigation_pkg
[0.175s] -- Up-to-date: /home/booster/Workspace/slamxjw/install/navigation_pkg/share/navigation_pkg/environment/ament_prefix_path.sh
[0.175s] -- Up-to-date: /home/booster/Workspace/slamxjw/install/navigation_pkg/share/navigation_pkg/environment/ament_prefix_path.dsv
[0.176s] -- Up-to-date: /home/booster/Workspace/slamxjw/install/navigation_pkg/share/navigation_pkg/environment/path.sh
[0.176s] -- Up-to-date: /home/booster/Workspace/slamxjw/install/navigation_pkg/share/navigation_pkg/environment/path.dsv
[0.176s] -- Up-to-date: /home/booster/Workspace/slamxjw/install/navigation_pkg/share/navigation_pkg/local_setup.bash
[0.176s] -- Up-to-date: /home/booster/Workspace/slamxjw/install/navigation_pkg/share/navigation_pkg/local_setup.sh
[0.176s] -- Up-to-date: /home/booster/Workspace/slamxjw/install/navigation_pkg/share/navigation_pkg/local_setup.zsh
[0.177s] -- Up-to-date: /home/booster/Workspace/slamxjw/install/navigation_pkg/share/navigation_pkg/local_setup.dsv
[0.177s] -- Installing: /home/booster/Workspace/slamxjw/install/navigation_pkg/share/navigation_pkg/package.dsv
[0.177s] -- Up-to-date: /home/booster/Workspace/slamxjw/install/navigation_pkg/share/ament_index/resource_index/packages/navigation_pkg
[0.177s] -- Up-to-date: /home/booster/Workspace/slamxjw/install/navigation_pkg/share/navigation_pkg/cmake/navigation_pkgConfig.cmake
[0.177s] -- Up-to-date: /home/booster/Workspace/slamxjw/install/navigation_pkg/share/navigation_pkg/cmake/navigation_pkgConfig-version.cmake
[0.178s] -- Up-to-date: /home/booster/Workspace/slamxjw/install/navigation_pkg/share/navigation_pkg/package.xml
[0.178s] Invoked command in '/home/booster/Workspace/slamxjw/build/navigation_pkg' returned '0': CMAKE_PREFIX_PATH=${CMAKE_PREFIX_PATH}:/opt/ros/humble CONDA_PROMPT_MODIFIER=(base) /usr/bin/cmake --install /home/booster/Workspace/slamxjw/build/navigation_pkg
