[35m[1mConsolidate compiler generated dependencies of target rpc_client_node[0m
[ 50%] [32mBuilding CXX object CMakeFiles/rpc_client_node.dir/src/client.cpp.o[0m
[100%] [32m[1mLinking CXX executable rpc_client_node[0m
[100%] Built target rpc_client_node
-- Install configuration: ""
-- Installing: /home/booster/Workspace/boosterxjw/booster_ros2_example/install/booster_rpc_client/lib/booster_rpc_client/rpc_client_node
-- Set runtime path of "/home/booster/Workspace/boosterxjw/booster_ros2_example/install/booster_rpc_client/lib/booster_rpc_client/rpc_client_node" to ""
-- Up-to-date: /home/booster/Workspace/boosterxjw/booster_ros2_example/install/booster_rpc_client/share/ament_index/resource_index/package_run_dependencies/booster_rpc_client
-- Up-to-date: /home/booster/Workspace/boosterxjw/booster_ros2_example/install/booster_rpc_client/share/ament_index/resource_index/parent_prefix_path/booster_rpc_client
-- Up-to-date: /home/booster/Workspace/boosterxjw/booster_ros2_example/install/booster_rpc_client/share/booster_rpc_client/environment/ament_prefix_path.sh
-- Up-to-date: /home/booster/Workspace/boosterxjw/booster_ros2_example/install/booster_rpc_client/share/booster_rpc_client/environment/ament_prefix_path.dsv
-- Up-to-date: /home/booster/Workspace/boosterxjw/booster_ros2_example/install/booster_rpc_client/share/booster_rpc_client/environment/path.sh
-- Up-to-date: /home/booster/Workspace/boosterxjw/booster_ros2_example/install/booster_rpc_client/share/booster_rpc_client/environment/path.dsv
-- Up-to-date: /home/booster/Workspace/boosterxjw/booster_ros2_example/install/booster_rpc_client/share/booster_rpc_client/local_setup.bash
-- Up-to-date: /home/booster/Workspace/boosterxjw/booster_ros2_example/install/booster_rpc_client/share/booster_rpc_client/local_setup.sh
-- Up-to-date: /home/booster/Workspace/boosterxjw/booster_ros2_example/install/booster_rpc_client/share/booster_rpc_client/local_setup.zsh
-- Up-to-date: /home/booster/Workspace/boosterxjw/booster_ros2_example/install/booster_rpc_client/share/booster_rpc_client/local_setup.dsv
-- Installing: /home/booster/Workspace/boosterxjw/booster_ros2_example/install/booster_rpc_client/share/booster_rpc_client/package.dsv
-- Up-to-date: /home/booster/Workspace/boosterxjw/booster_ros2_example/install/booster_rpc_client/share/ament_index/resource_index/packages/booster_rpc_client
-- Up-to-date: /home/booster/Workspace/boosterxjw/booster_ros2_example/install/booster_rpc_client/share/booster_rpc_client/cmake/booster_rpc_clientConfig.cmake
-- Up-to-date: /home/booster/Workspace/boosterxjw/booster_ros2_example/install/booster_rpc_client/share/booster_rpc_client/cmake/booster_rpc_clientConfig-version.cmake
-- Up-to-date: /home/booster/Workspace/boosterxjw/booster_ros2_example/install/booster_rpc_client/share/booster_rpc_client/package.xml
