[0.021s] Invoking command in '/home/booster/Workspace/boosterxjw/booster_ros2_example/build/low_level': CMAKE_PREFIX_PATH=${CMAKE_PREFIX_PATH}:/opt/ros/humble /usr/bin/cmake --build /home/booster/Workspace/boosterxjw/booster_ros2_example/build/low_level -- -j8 -l8
[0.104s] [100%] Built target low_level_subscriber_node
[0.124s] Invoked command in '/home/booster/Workspace/boosterxjw/booster_ros2_example/build/low_level' returned '0': CMAKE_PREFIX_PATH=${CMAKE_PREFIX_PATH}:/opt/ros/humble /usr/bin/cmake --build /home/booster/Workspace/boosterxjw/booster_ros2_example/build/low_level -- -j8 -l8
[0.143s] Invoking command in '/home/booster/Workspace/boosterxjw/booster_ros2_example/build/low_level': CMAKE_PREFIX_PATH=${CMAKE_PREFIX_PATH}:/opt/ros/humble /usr/bin/cmake --install /home/booster/Workspace/boosterxjw/booster_ros2_example/build/low_level
[0.157s] -- Install configuration: ""
[0.158s] -- Up-to-date: /home/booster/Workspace/boosterxjw/booster_ros2_example/install/low_level/lib/low_level/low_level_subscriber_node
[0.158s] -- Up-to-date: /home/booster/Workspace/boosterxjw/booster_ros2_example/install/low_level/share/ament_index/resource_index/package_run_dependencies/low_level
[0.158s] -- Up-to-date: /home/booster/Workspace/boosterxjw/booster_ros2_example/install/low_level/share/ament_index/resource_index/parent_prefix_path/low_level
[0.158s] -- Up-to-date: /home/booster/Workspace/boosterxjw/booster_ros2_example/install/low_level/share/low_level/environment/ament_prefix_path.sh
[0.158s] -- Up-to-date: /home/booster/Workspace/boosterxjw/booster_ros2_example/install/low_level/share/low_level/environment/ament_prefix_path.dsv
[0.159s] -- Up-to-date: /home/booster/Workspace/boosterxjw/booster_ros2_example/install/low_level/share/low_level/environment/path.sh
[0.159s] -- Up-to-date: /home/booster/Workspace/boosterxjw/booster_ros2_example/install/low_level/share/low_level/environment/path.dsv
[0.159s] -- Up-to-date: /home/booster/Workspace/boosterxjw/booster_ros2_example/install/low_level/share/low_level/local_setup.bash
[0.159s] -- Up-to-date: /home/booster/Workspace/boosterxjw/booster_ros2_example/install/low_level/share/low_level/local_setup.sh
[0.159s] -- Up-to-date: /home/booster/Workspace/boosterxjw/booster_ros2_example/install/low_level/share/low_level/local_setup.zsh
[0.159s] -- Up-to-date: /home/booster/Workspace/boosterxjw/booster_ros2_example/install/low_level/share/low_level/local_setup.dsv
[0.159s] -- Installing: /home/booster/Workspace/boosterxjw/booster_ros2_example/install/low_level/share/low_level/package.dsv
[0.160s] -- Up-to-date: /home/booster/Workspace/boosterxjw/booster_ros2_example/install/low_level/share/ament_index/resource_index/packages/low_level
[0.160s] -- Up-to-date: /home/booster/Workspace/boosterxjw/booster_ros2_example/install/low_level/share/low_level/cmake/low_levelConfig.cmake
[0.160s] -- Up-to-date: /home/booster/Workspace/boosterxjw/booster_ros2_example/install/low_level/share/low_level/cmake/low_levelConfig-version.cmake
[0.160s] -- Up-to-date: /home/booster/Workspace/boosterxjw/booster_ros2_example/install/low_level/share/low_level/package.xml
[0.164s] Invoked command in '/home/booster/Workspace/boosterxjw/booster_ros2_example/build/low_level' returned '0': CMAKE_PREFIX_PATH=${CMAKE_PREFIX_PATH}:/opt/ros/humble /usr/bin/cmake --install /home/booster/Workspace/boosterxjw/booster_ros2_example/build/low_level
