[0.238s] DEBUG:colcon:Command line arguments: ['/usr/bin/colcon', 'build']
[0.238s] DEBUG:colcon:Parsed command line arguments: Namespace(log_base=None, log_level=None, verb_name='build', build_base='build', install_base='install', merge_install=False, symlink_install=False, test_result_base=None, continue_on_error=False, executor='parallel', parallel_workers=8, event_handlers=None, ignore_user_meta=False, metas=['./colcon.meta'], base_paths=['.'], packages_ignore=None, packages_ignore_regex=None, paths=None, packages_up_to=None, packages_up_to_regex=None, packages_above=None, packages_above_and_dependencies=None, packages_above_depth=None, packages_select_by_dep=None, packages_skip_by_dep=None, packages_skip_up_to=None, packages_select_build_failed=False, packages_skip_build_finished=False, packages_select_test_failures=False, packages_skip_test_passed=False, packages_select=None, packages_skip=None, packages_select_regex=None, packages_skip_regex=None, packages_start=None, packages_end=None, allow_overriding=[], cmake_args=None, cmake_target=None, cmake_target_skip_unavailable=False, cmake_clean_cache=False, cmake_clean_first=False, cmake_force_configure=False, ament_cmake_args=None, catkin_cmake_args=None, catkin_skip_building_tests=False, verb_parser=<colcon_defaults.argument_parser.defaults.DefaultArgumentsDecorator object at 0xffff82aac040>, verb_extension=<colcon_core.verb.build.BuildVerb object at 0xffff82a6baf0>, main=<bound method BuildVerb.main of <colcon_core.verb.build.BuildVerb object at 0xffff82a6baf0>>)
[0.681s] Level 1:colcon.colcon_core.package_discovery:discover_packages(colcon_meta) check parameters
[0.681s] Level 1:colcon.colcon_core.package_discovery:discover_packages(recursive) check parameters
[0.681s] Level 1:colcon.colcon_core.package_discovery:discover_packages(ignore) check parameters
[0.681s] Level 1:colcon.colcon_core.package_discovery:discover_packages(path) check parameters
[0.681s] Level 1:colcon.colcon_core.package_discovery:discover_packages(colcon_meta) discover
[0.681s] Level 1:colcon.colcon_core.package_discovery:discover_packages(recursive) discover
[0.681s] INFO:colcon.colcon_core.package_discovery:Crawling recursively for packages in '/home/booster/Workspace/boosterxjw/booster_nav2_controller'
[0.682s] Level 1:colcon.colcon_core.package_identification:_identify(.) by extensions ['ignore', 'ignore_ament_install']
[0.682s] Level 1:colcon.colcon_core.package_identification:_identify(.) by extension 'ignore'
[0.682s] Level 1:colcon.colcon_core.package_identification:_identify(.) by extension 'ignore_ament_install'
[0.682s] Level 1:colcon.colcon_core.package_identification:_identify(.) by extensions ['colcon_pkg']
[0.682s] Level 1:colcon.colcon_core.package_identification:_identify(.) by extension 'colcon_pkg'
[0.682s] Level 1:colcon.colcon_core.package_identification:_identify(.) by extensions ['colcon_meta']
[0.682s] Level 1:colcon.colcon_core.package_identification:_identify(.) by extension 'colcon_meta'
[0.682s] Level 1:colcon.colcon_core.package_identification:_identify(.) by extensions ['ros']
[0.682s] Level 1:colcon.colcon_core.package_identification:_identify(.) by extension 'ros'
[0.716s] DEBUG:colcon.colcon_core.package_identification:Package '.' with type 'ros.ament_cmake' and name 'booster_nav2_controller'
[0.716s] Level 1:colcon.colcon_core.package_discovery:discover_packages(recursive) using defaults
[0.716s] Level 1:colcon.colcon_core.package_discovery:discover_packages(ignore) discover
[0.716s] Level 1:colcon.colcon_core.package_discovery:discover_packages(ignore) using defaults
[0.716s] Level 1:colcon.colcon_core.package_discovery:discover_packages(path) discover
[0.716s] Level 1:colcon.colcon_core.package_discovery:discover_packages(path) using defaults
[0.791s] Level 1:colcon.colcon_core.package_discovery:discover_packages(prefix_path) check parameters
[0.791s] Level 1:colcon.colcon_core.package_discovery:discover_packages(prefix_path) discover
[0.797s] DEBUG:colcon.colcon_installed_package_information.package_discovery:Found 1 installed packages in /home/booster/Workspace/slamxjw/install
[0.799s] DEBUG:colcon.colcon_installed_package_information.package_discovery:Found 369 installed packages in /opt/ros/humble
[0.801s] Level 1:colcon.colcon_core.package_discovery:discover_packages(prefix_path) using defaults
[0.873s] Level 5:colcon.colcon_core.verb:set package 'booster_nav2_controller' build argument 'cmake_args' from command line to 'None'
[0.873s] Level 5:colcon.colcon_core.verb:set package 'booster_nav2_controller' build argument 'cmake_target' from command line to 'None'
[0.873s] Level 5:colcon.colcon_core.verb:set package 'booster_nav2_controller' build argument 'cmake_target_skip_unavailable' from command line to 'False'
[0.874s] Level 5:colcon.colcon_core.verb:set package 'booster_nav2_controller' build argument 'cmake_clean_cache' from command line to 'False'
[0.874s] Level 5:colcon.colcon_core.verb:set package 'booster_nav2_controller' build argument 'cmake_clean_first' from command line to 'False'
[0.874s] Level 5:colcon.colcon_core.verb:set package 'booster_nav2_controller' build argument 'cmake_force_configure' from command line to 'False'
[0.874s] Level 5:colcon.colcon_core.verb:set package 'booster_nav2_controller' build argument 'ament_cmake_args' from command line to 'None'
[0.874s] Level 5:colcon.colcon_core.verb:set package 'booster_nav2_controller' build argument 'catkin_cmake_args' from command line to 'None'
[0.874s] Level 5:colcon.colcon_core.verb:set package 'booster_nav2_controller' build argument 'catkin_skip_building_tests' from command line to 'False'
[0.874s] DEBUG:colcon.colcon_core.verb:Building package 'booster_nav2_controller' with the following arguments: {'ament_cmake_args': None, 'build_base': '/home/booster/Workspace/boosterxjw/booster_nav2_controller/build/booster_nav2_controller', 'catkin_cmake_args': None, 'catkin_skip_building_tests': False, 'cmake_args': None, 'cmake_clean_cache': False, 'cmake_clean_first': False, 'cmake_force_configure': False, 'cmake_target': None, 'cmake_target_skip_unavailable': False, 'install_base': '/home/booster/Workspace/boosterxjw/booster_nav2_controller/install/booster_nav2_controller', 'merge_install': False, 'path': '/home/booster/Workspace/boosterxjw/booster_nav2_controller', 'symlink_install': False, 'test_result_base': None}
[0.874s] INFO:colcon.colcon_core.executor:Executing jobs using 'parallel' executor
[0.876s] DEBUG:colcon.colcon_parallel_executor.executor.parallel:run_until_complete
[0.877s] INFO:colcon.colcon_ros.task.ament_cmake.build:Building ROS package in '/home/booster/Workspace/boosterxjw/booster_nav2_controller' with build type 'ament_cmake'
[0.877s] INFO:colcon.colcon_cmake.task.cmake.build:Building CMake package in '/home/booster/Workspace/boosterxjw/booster_nav2_controller'
[0.883s] INFO:colcon.colcon_core.plugin_system:Skipping extension 'colcon_core.shell.bat': Not used on non-Windows systems
[0.884s] INFO:colcon.colcon_core.shell:Skip shell extension 'powershell' for command environment: Not usable outside of PowerShell
[0.884s] DEBUG:colcon.colcon_core.shell:Skip shell extension 'dsv' for command environment
[0.898s] DEBUG:colcon.colcon_core.event_handler.log_command:Invoking command in '/home/booster/Workspace/boosterxjw/booster_nav2_controller/build/booster_nav2_controller': CMAKE_PREFIX_PATH=${CMAKE_PREFIX_PATH}:/opt/ros/humble /usr/bin/cmake /home/booster/Workspace/boosterxjw/booster_nav2_controller -DCMAKE_INSTALL_PREFIX=/home/booster/Workspace/boosterxjw/booster_nav2_controller/install/booster_nav2_controller
[3.476s] DEBUG:colcon.colcon_core.event_handler.log_command:Invoked command in '/home/booster/Workspace/boosterxjw/booster_nav2_controller/build/booster_nav2_controller' returned '1': CMAKE_PREFIX_PATH=${CMAKE_PREFIX_PATH}:/opt/ros/humble /usr/bin/cmake /home/booster/Workspace/boosterxjw/booster_nav2_controller -DCMAKE_INSTALL_PREFIX=/home/booster/Workspace/boosterxjw/booster_nav2_controller/install/booster_nav2_controller
[3.504s] Level 1:colcon.colcon_core.environment:create_environment_scripts_only(booster_nav2_controller)
[3.512s] Level 1:colcon.colcon_core.environment:checking '/home/booster/Workspace/boosterxjw/booster_nav2_controller/install/booster_nav2_controller' for CMake module files
[3.513s] Level 1:colcon.colcon_core.environment:checking '/home/booster/Workspace/boosterxjw/booster_nav2_controller/install/booster_nav2_controller' for CMake config files
[3.514s] Level 1:colcon.colcon_core.environment:checking '/home/booster/Workspace/boosterxjw/booster_nav2_controller/install/booster_nav2_controller/bin'
[3.514s] Level 1:colcon.colcon_core.environment:checking '/home/booster/Workspace/boosterxjw/booster_nav2_controller/install/booster_nav2_controller/lib/pkgconfig/booster_nav2_controller.pc'
[3.515s] Level 1:colcon.colcon_core.environment:checking '/home/booster/Workspace/boosterxjw/booster_nav2_controller/install/booster_nav2_controller/lib/python3.10/site-packages'
[3.516s] Level 1:colcon.colcon_core.environment:checking '/home/booster/Workspace/boosterxjw/booster_nav2_controller/install/booster_nav2_controller/bin'
[3.516s] INFO:colcon.colcon_core.shell:Creating package script '/home/booster/Workspace/boosterxjw/booster_nav2_controller/install/booster_nav2_controller/share/booster_nav2_controller/package.ps1'
[3.519s] INFO:colcon.colcon_core.shell:Creating package descriptor '/home/booster/Workspace/boosterxjw/booster_nav2_controller/install/booster_nav2_controller/share/booster_nav2_controller/package.dsv'
[3.520s] INFO:colcon.colcon_core.shell:Creating package script '/home/booster/Workspace/boosterxjw/booster_nav2_controller/install/booster_nav2_controller/share/booster_nav2_controller/package.sh'
[3.522s] INFO:colcon.colcon_core.shell:Creating package script '/home/booster/Workspace/boosterxjw/booster_nav2_controller/install/booster_nav2_controller/share/booster_nav2_controller/package.bash'
[3.525s] INFO:colcon.colcon_core.shell:Creating package script '/home/booster/Workspace/boosterxjw/booster_nav2_controller/install/booster_nav2_controller/share/booster_nav2_controller/package.zsh'
[3.528s] Level 1:colcon.colcon_core.environment:create_file_with_runtime_dependencies(/home/booster/Workspace/boosterxjw/booster_nav2_controller/install/booster_nav2_controller/share/colcon-core/packages/booster_nav2_controller)
[3.540s] DEBUG:colcon.colcon_parallel_executor.executor.parallel:closing loop
[3.541s] DEBUG:colcon.colcon_parallel_executor.executor.parallel:loop closed
[3.541s] DEBUG:colcon.colcon_parallel_executor.executor.parallel:run_until_complete finished with '1'
[3.541s] DEBUG:colcon.colcon_core.event_reactor:joining thread
[3.564s] INFO:colcon.colcon_core.plugin_system:Skipping extension 'colcon_notification.desktop_notification.terminal_notifier': Not used on non-Darwin systems
[3.565s] INFO:colcon.colcon_core.plugin_system:Skipping extension 'colcon_notification.desktop_notification.win32': Not used on non-Windows systems
[3.565s] INFO:colcon.colcon_notification.desktop_notification:Sending desktop notification using 'notify2'
[28.592s] DEBUG:colcon.colcon_notification.desktop_notification.notify2:Failed to initialize notify2: org.freedesktop.DBus.Error.NoReply: Did not receive a reply. Possible causes include: the remote application did not send a reply, the message bus security policy blocked the reply, the reply timeout expired, or the network connection was broken.
[28.593s] DEBUG:colcon.colcon_core.event_reactor:joined thread
[28.594s] INFO:colcon.colcon_core.shell:Creating prefix script '/home/booster/Workspace/boosterxjw/booster_nav2_controller/install/local_setup.ps1'
[28.602s] INFO:colcon.colcon_core.shell:Creating prefix util module '/home/booster/Workspace/boosterxjw/booster_nav2_controller/install/_local_setup_util_ps1.py'
[28.604s] INFO:colcon.colcon_core.shell:Creating prefix chain script '/home/booster/Workspace/boosterxjw/booster_nav2_controller/install/setup.ps1'
[28.608s] INFO:colcon.colcon_core.shell:Creating prefix script '/home/booster/Workspace/boosterxjw/booster_nav2_controller/install/local_setup.sh'
[28.610s] INFO:colcon.colcon_core.shell:Creating prefix util module '/home/booster/Workspace/boosterxjw/booster_nav2_controller/install/_local_setup_util_sh.py'
[28.611s] INFO:colcon.colcon_core.shell:Creating prefix chain script '/home/booster/Workspace/boosterxjw/booster_nav2_controller/install/setup.sh'
[28.613s] INFO:colcon.colcon_core.shell:Creating prefix script '/home/booster/Workspace/boosterxjw/booster_nav2_controller/install/local_setup.bash'
[28.614s] INFO:colcon.colcon_core.shell:Creating prefix chain script '/home/booster/Workspace/boosterxjw/booster_nav2_controller/install/setup.bash'
[28.616s] INFO:colcon.colcon_core.shell:Creating prefix script '/home/booster/Workspace/boosterxjw/booster_nav2_controller/install/local_setup.zsh'
[28.617s] INFO:colcon.colcon_core.shell:Creating prefix chain script '/home/booster/Workspace/boosterxjw/booster_nav2_controller/install/setup.zsh'
