[0.179s] DEBUG:colcon:Command line arguments: ['/usr/bin/colcon', 'build']
[0.179s] DEBUG:colcon:Parsed command line arguments: Namespace(log_base=None, log_level=None, verb_name='build', build_base='build', install_base='install', merge_install=False, symlink_install=False, test_result_base=None, continue_on_error=False, executor='parallel', parallel_workers=8, event_handlers=None, ignore_user_meta=False, metas=['./colcon.meta'], base_paths=['.'], packages_ignore=None, packages_ignore_regex=None, paths=None, packages_up_to=None, packages_up_to_regex=None, packages_above=None, packages_above_and_dependencies=None, packages_above_depth=None, packages_select_by_dep=None, packages_skip_by_dep=None, packages_skip_up_to=None, packages_select_build_failed=False, packages_skip_build_finished=False, packages_select_test_failures=False, packages_skip_test_passed=False, packages_select=None, packages_skip=None, packages_select_regex=None, packages_skip_regex=None, packages_start=None, packages_end=None, allow_overriding=[], cmake_args=None, cmake_target=None, cmake_target_skip_unavailable=False, cmake_clean_cache=False, cmake_clean_first=False, cmake_force_configure=False, ament_cmake_args=None, catkin_cmake_args=None, catkin_skip_building_tests=False, verb_parser=<colcon_defaults.argument_parser.defaults.DefaultArgumentsDecorator object at 0xffffaace85b0>, verb_extension=<colcon_core.verb.build.BuildVerb object at 0xffffaace8070>, main=<bound method BuildVerb.main of <colcon_core.verb.build.BuildVerb object at 0xffffaace8070>>)
[0.454s] Level 1:colcon.colcon_core.package_discovery:discover_packages(colcon_meta) check parameters
[0.454s] Level 1:colcon.colcon_core.package_discovery:discover_packages(recursive) check parameters
[0.455s] Level 1:colcon.colcon_core.package_discovery:discover_packages(ignore) check parameters
[0.455s] Level 1:colcon.colcon_core.package_discovery:discover_packages(path) check parameters
[0.455s] Level 1:colcon.colcon_core.package_discovery:discover_packages(colcon_meta) discover
[0.455s] Level 1:colcon.colcon_core.package_discovery:discover_packages(recursive) discover
[0.455s] INFO:colcon.colcon_core.package_discovery:Crawling recursively for packages in '/home/booster/Workspace/slamxjw'
[0.455s] Level 1:colcon.colcon_core.package_identification:_identify(.) by extensions ['ignore', 'ignore_ament_install']
[0.455s] Level 1:colcon.colcon_core.package_identification:_identify(.) by extension 'ignore'
[0.455s] Level 1:colcon.colcon_core.package_identification:_identify(.) by extension 'ignore_ament_install'
[0.455s] Level 1:colcon.colcon_core.package_identification:_identify(.) by extensions ['colcon_pkg']
[0.456s] Level 1:colcon.colcon_core.package_identification:_identify(.) by extension 'colcon_pkg'
[0.456s] Level 1:colcon.colcon_core.package_identification:_identify(.) by extensions ['colcon_meta']
[0.456s] Level 1:colcon.colcon_core.package_identification:_identify(.) by extension 'colcon_meta'
[0.456s] Level 1:colcon.colcon_core.package_identification:_identify(.) by extensions ['ros']
[0.456s] Level 1:colcon.colcon_core.package_identification:_identify(.) by extension 'ros'
[0.472s] Level 1:colcon.colcon_core.package_identification:_identify(.) by extensions ['cmake', 'python']
[0.473s] Level 1:colcon.colcon_core.package_identification:_identify(.) by extension 'cmake'
[0.473s] Level 1:colcon.colcon_core.package_identification:_identify(.) by extension 'python'
[0.473s] Level 1:colcon.colcon_core.package_identification:_identify(.) by extensions ['python_setup_py']
[0.473s] Level 1:colcon.colcon_core.package_identification:_identify(.) by extension 'python_setup_py'
[0.473s] Level 1:colcon.colcon_core.package_identification:_identify(build) by extensions ['ignore', 'ignore_ament_install']
[0.473s] Level 1:colcon.colcon_core.package_identification:_identify(build) by extension 'ignore'
[0.473s] Level 1:colcon.colcon_core.package_identification:_identify(build) ignored
[0.474s] Level 1:colcon.colcon_core.package_identification:_identify(install) by extensions ['ignore', 'ignore_ament_install']
[0.474s] Level 1:colcon.colcon_core.package_identification:_identify(install) by extension 'ignore'
[0.474s] Level 1:colcon.colcon_core.package_identification:_identify(install) ignored
[0.474s] Level 1:colcon.colcon_core.package_identification:_identify(log) by extensions ['ignore', 'ignore_ament_install']
[0.474s] Level 1:colcon.colcon_core.package_identification:_identify(log) by extension 'ignore'
[0.474s] Level 1:colcon.colcon_core.package_identification:_identify(log) ignored
[0.474s] Level 1:colcon.colcon_core.package_identification:_identify(src) by extensions ['ignore', 'ignore_ament_install']
[0.474s] Level 1:colcon.colcon_core.package_identification:_identify(src) by extension 'ignore'
[0.475s] Level 1:colcon.colcon_core.package_identification:_identify(src) by extension 'ignore_ament_install'
[0.475s] Level 1:colcon.colcon_core.package_identification:_identify(src) by extensions ['colcon_pkg']
[0.475s] Level 1:colcon.colcon_core.package_identification:_identify(src) by extension 'colcon_pkg'
[0.475s] Level 1:colcon.colcon_core.package_identification:_identify(src) by extensions ['colcon_meta']
[0.475s] Level 1:colcon.colcon_core.package_identification:_identify(src) by extension 'colcon_meta'
[0.475s] Level 1:colcon.colcon_core.package_identification:_identify(src) by extensions ['ros']
[0.475s] Level 1:colcon.colcon_core.package_identification:_identify(src) by extension 'ros'
[0.475s] Level 1:colcon.colcon_core.package_identification:_identify(src) by extensions ['cmake', 'python']
[0.475s] Level 1:colcon.colcon_core.package_identification:_identify(src) by extension 'cmake'
[0.475s] Level 1:colcon.colcon_core.package_identification:_identify(src) by extension 'python'
[0.475s] Level 1:colcon.colcon_core.package_identification:_identify(src) by extensions ['python_setup_py']
[0.475s] Level 1:colcon.colcon_core.package_identification:_identify(src) by extension 'python_setup_py'
[0.475s] Level 1:colcon.colcon_core.package_identification:_identify(src/maps) by extensions ['ignore', 'ignore_ament_install']
[0.476s] Level 1:colcon.colcon_core.package_identification:_identify(src/maps) by extension 'ignore'
[0.476s] Level 1:colcon.colcon_core.package_identification:_identify(src/maps) by extension 'ignore_ament_install'
[0.476s] Level 1:colcon.colcon_core.package_identification:_identify(src/maps) by extensions ['colcon_pkg']
[0.476s] Level 1:colcon.colcon_core.package_identification:_identify(src/maps) by extension 'colcon_pkg'
[0.476s] Level 1:colcon.colcon_core.package_identification:_identify(src/maps) by extensions ['colcon_meta']
[0.476s] Level 1:colcon.colcon_core.package_identification:_identify(src/maps) by extension 'colcon_meta'
[0.476s] Level 1:colcon.colcon_core.package_identification:_identify(src/maps) by extensions ['ros']
[0.476s] Level 1:colcon.colcon_core.package_identification:_identify(src/maps) by extension 'ros'
[0.476s] Level 1:colcon.colcon_core.package_identification:_identify(src/maps) by extensions ['cmake', 'python']
[0.476s] Level 1:colcon.colcon_core.package_identification:_identify(src/maps) by extension 'cmake'
[0.476s] Level 1:colcon.colcon_core.package_identification:_identify(src/maps) by extension 'python'
[0.476s] Level 1:colcon.colcon_core.package_identification:_identify(src/maps) by extensions ['python_setup_py']
[0.476s] Level 1:colcon.colcon_core.package_identification:_identify(src/maps) by extension 'python_setup_py'
[0.477s] Level 1:colcon.colcon_core.package_identification:_identify(src/navigation_pkg) by extensions ['ignore', 'ignore_ament_install']
[0.477s] Level 1:colcon.colcon_core.package_identification:_identify(src/navigation_pkg) by extension 'ignore'
[0.477s] Level 1:colcon.colcon_core.package_identification:_identify(src/navigation_pkg) by extension 'ignore_ament_install'
[0.477s] Level 1:colcon.colcon_core.package_identification:_identify(src/navigation_pkg) by extensions ['colcon_pkg']
[0.477s] Level 1:colcon.colcon_core.package_identification:_identify(src/navigation_pkg) by extension 'colcon_pkg'
[0.477s] Level 1:colcon.colcon_core.package_identification:_identify(src/navigation_pkg) by extensions ['colcon_meta']
[0.477s] Level 1:colcon.colcon_core.package_identification:_identify(src/navigation_pkg) by extension 'colcon_meta'
[0.477s] Level 1:colcon.colcon_core.package_identification:_identify(src/navigation_pkg) by extensions ['ros']
[0.477s] Level 1:colcon.colcon_core.package_identification:_identify(src/navigation_pkg) by extension 'ros'
[0.482s] DEBUG:colcon.colcon_core.package_identification:Package 'src/navigation_pkg' with type 'ros.ament_cmake' and name 'navigation_pkg'
[0.482s] Level 1:colcon.colcon_core.package_discovery:discover_packages(recursive) using defaults
[0.483s] Level 1:colcon.colcon_core.package_discovery:discover_packages(ignore) discover
[0.483s] Level 1:colcon.colcon_core.package_discovery:discover_packages(ignore) using defaults
[0.483s] Level 1:colcon.colcon_core.package_discovery:discover_packages(path) discover
[0.483s] Level 1:colcon.colcon_core.package_discovery:discover_packages(path) using defaults
[0.544s] Level 1:colcon.colcon_core.package_discovery:discover_packages(prefix_path) check parameters
[0.545s] Level 1:colcon.colcon_core.package_discovery:discover_packages(prefix_path) discover
[0.548s] DEBUG:colcon.colcon_installed_package_information.package_discovery:Found 1 installed packages in /home/booster/Workspace/slamxjw/install
[0.550s] DEBUG:colcon.colcon_installed_package_information.package_discovery:Found 369 installed packages in /opt/ros/humble
[0.552s] Level 1:colcon.colcon_core.package_discovery:discover_packages(prefix_path) using defaults
[0.623s] Level 5:colcon.colcon_core.verb:set package 'navigation_pkg' build argument 'cmake_args' from command line to 'None'
[0.623s] Level 5:colcon.colcon_core.verb:set package 'navigation_pkg' build argument 'cmake_target' from command line to 'None'
[0.623s] Level 5:colcon.colcon_core.verb:set package 'navigation_pkg' build argument 'cmake_target_skip_unavailable' from command line to 'False'
[0.624s] Level 5:colcon.colcon_core.verb:set package 'navigation_pkg' build argument 'cmake_clean_cache' from command line to 'False'
[0.624s] Level 5:colcon.colcon_core.verb:set package 'navigation_pkg' build argument 'cmake_clean_first' from command line to 'False'
[0.624s] Level 5:colcon.colcon_core.verb:set package 'navigation_pkg' build argument 'cmake_force_configure' from command line to 'False'
[0.624s] Level 5:colcon.colcon_core.verb:set package 'navigation_pkg' build argument 'ament_cmake_args' from command line to 'None'
[0.624s] Level 5:colcon.colcon_core.verb:set package 'navigation_pkg' build argument 'catkin_cmake_args' from command line to 'None'
[0.624s] Level 5:colcon.colcon_core.verb:set package 'navigation_pkg' build argument 'catkin_skip_building_tests' from command line to 'False'
[0.624s] DEBUG:colcon.colcon_core.verb:Building package 'navigation_pkg' with the following arguments: {'ament_cmake_args': None, 'build_base': '/home/booster/Workspace/slamxjw/build/navigation_pkg', 'catkin_cmake_args': None, 'catkin_skip_building_tests': False, 'cmake_args': None, 'cmake_clean_cache': False, 'cmake_clean_first': False, 'cmake_force_configure': False, 'cmake_target': None, 'cmake_target_skip_unavailable': False, 'install_base': '/home/booster/Workspace/slamxjw/install/navigation_pkg', 'merge_install': False, 'path': '/home/booster/Workspace/slamxjw/src/navigation_pkg', 'symlink_install': False, 'test_result_base': None}
[0.624s] INFO:colcon.colcon_core.executor:Executing jobs using 'parallel' executor
[0.626s] DEBUG:colcon.colcon_parallel_executor.executor.parallel:run_until_complete
[0.627s] INFO:colcon.colcon_ros.task.ament_cmake.build:Building ROS package in '/home/booster/Workspace/slamxjw/src/navigation_pkg' with build type 'ament_cmake'
[0.627s] INFO:colcon.colcon_cmake.task.cmake.build:Building CMake package in '/home/booster/Workspace/slamxjw/src/navigation_pkg'
[0.631s] INFO:colcon.colcon_core.plugin_system:Skipping extension 'colcon_core.shell.bat': Not used on non-Windows systems
[0.631s] INFO:colcon.colcon_core.shell:Skip shell extension 'powershell' for command environment: Not usable outside of PowerShell
[0.631s] DEBUG:colcon.colcon_core.shell:Skip shell extension 'dsv' for command environment
[0.647s] DEBUG:colcon.colcon_core.event_handler.log_command:Invoking command in '/home/booster/Workspace/slamxjw/build/navigation_pkg': CMAKE_PREFIX_PATH=${CMAKE_PREFIX_PATH}:/opt/ros/humble CONDA_PROMPT_MODIFIER=(base) /usr/bin/cmake --build /home/booster/Workspace/slamxjw/build/navigation_pkg -- -j8 -l8
[0.730s] DEBUG:colcon.colcon_core.event_handler.log_command:Invoked command in '/home/booster/Workspace/slamxjw/build/navigation_pkg' returned '0': CMAKE_PREFIX_PATH=${CMAKE_PREFIX_PATH}:/opt/ros/humble CONDA_PROMPT_MODIFIER=(base) /usr/bin/cmake --build /home/booster/Workspace/slamxjw/build/navigation_pkg -- -j8 -l8
[0.749s] DEBUG:colcon.colcon_core.event_handler.log_command:Invoking command in '/home/booster/Workspace/slamxjw/build/navigation_pkg': CMAKE_PREFIX_PATH=${CMAKE_PREFIX_PATH}:/opt/ros/humble CONDA_PROMPT_MODIFIER=(base) /usr/bin/cmake --install /home/booster/Workspace/slamxjw/build/navigation_pkg
[0.771s] Level 1:colcon.colcon_core.environment:create_environment_scripts_only(navigation_pkg)
[0.776s] Level 1:colcon.colcon_core.environment:checking '/home/booster/Workspace/slamxjw/install/navigation_pkg' for CMake module files
[0.778s] Level 1:colcon.colcon_core.environment:checking '/home/booster/Workspace/slamxjw/install/navigation_pkg' for CMake config files
[0.778s] Level 1:colcon.colcon_core.shell:create_environment_hook('navigation_pkg', 'cmake_prefix_path')
[0.779s] INFO:colcon.colcon_core.shell:Creating environment hook '/home/booster/Workspace/slamxjw/install/navigation_pkg/share/navigation_pkg/hook/cmake_prefix_path.ps1'
[0.780s] DEBUG:colcon.colcon_core.event_handler.log_command:Invoked command in '/home/booster/Workspace/slamxjw/build/navigation_pkg' returned '0': CMAKE_PREFIX_PATH=${CMAKE_PREFIX_PATH}:/opt/ros/humble CONDA_PROMPT_MODIFIER=(base) /usr/bin/cmake --install /home/booster/Workspace/slamxjw/build/navigation_pkg
[0.781s] INFO:colcon.colcon_core.shell:Creating environment descriptor '/home/booster/Workspace/slamxjw/install/navigation_pkg/share/navigation_pkg/hook/cmake_prefix_path.dsv'
[0.782s] INFO:colcon.colcon_core.shell:Creating environment hook '/home/booster/Workspace/slamxjw/install/navigation_pkg/share/navigation_pkg/hook/cmake_prefix_path.sh'
[0.784s] Level 1:colcon.colcon_core.environment:checking '/home/booster/Workspace/slamxjw/install/navigation_pkg/bin'
[0.784s] Level 1:colcon.colcon_core.environment:checking '/home/booster/Workspace/slamxjw/install/navigation_pkg/lib/pkgconfig/navigation_pkg.pc'
[0.784s] Level 1:colcon.colcon_core.environment:checking '/home/booster/Workspace/slamxjw/install/navigation_pkg/lib/python3.10/site-packages'
[0.784s] Level 1:colcon.colcon_core.environment:checking '/home/booster/Workspace/slamxjw/install/navigation_pkg/bin'
[0.785s] INFO:colcon.colcon_core.shell:Creating package script '/home/booster/Workspace/slamxjw/install/navigation_pkg/share/navigation_pkg/package.ps1'
[0.787s] INFO:colcon.colcon_core.shell:Creating package descriptor '/home/booster/Workspace/slamxjw/install/navigation_pkg/share/navigation_pkg/package.dsv'
[0.788s] INFO:colcon.colcon_core.shell:Creating package script '/home/booster/Workspace/slamxjw/install/navigation_pkg/share/navigation_pkg/package.sh'
[0.790s] INFO:colcon.colcon_core.shell:Creating package script '/home/booster/Workspace/slamxjw/install/navigation_pkg/share/navigation_pkg/package.bash'
[0.791s] INFO:colcon.colcon_core.shell:Creating package script '/home/booster/Workspace/slamxjw/install/navigation_pkg/share/navigation_pkg/package.zsh'
[0.792s] Level 1:colcon.colcon_core.environment:create_file_with_runtime_dependencies(/home/booster/Workspace/slamxjw/install/navigation_pkg/share/colcon-core/packages/navigation_pkg)
[0.794s] Level 1:colcon.colcon_core.environment:create_environment_scripts_only(navigation_pkg)
[0.794s] Level 1:colcon.colcon_core.environment:checking '/home/booster/Workspace/slamxjw/install/navigation_pkg' for CMake module files
[0.795s] Level 1:colcon.colcon_core.environment:checking '/home/booster/Workspace/slamxjw/install/navigation_pkg' for CMake config files
[0.796s] Level 1:colcon.colcon_core.shell:create_environment_hook('navigation_pkg', 'cmake_prefix_path')
[0.796s] INFO:colcon.colcon_core.shell:Creating environment hook '/home/booster/Workspace/slamxjw/install/navigation_pkg/share/navigation_pkg/hook/cmake_prefix_path.ps1'
[0.797s] INFO:colcon.colcon_core.shell:Creating environment descriptor '/home/booster/Workspace/slamxjw/install/navigation_pkg/share/navigation_pkg/hook/cmake_prefix_path.dsv'
[0.798s] INFO:colcon.colcon_core.shell:Creating environment hook '/home/booster/Workspace/slamxjw/install/navigation_pkg/share/navigation_pkg/hook/cmake_prefix_path.sh'
[0.799s] Level 1:colcon.colcon_core.environment:checking '/home/booster/Workspace/slamxjw/install/navigation_pkg/bin'
[0.799s] Level 1:colcon.colcon_core.environment:checking '/home/booster/Workspace/slamxjw/install/navigation_pkg/lib/pkgconfig/navigation_pkg.pc'
[0.799s] Level 1:colcon.colcon_core.environment:checking '/home/booster/Workspace/slamxjw/install/navigation_pkg/lib/python3.10/site-packages'
[0.800s] Level 1:colcon.colcon_core.environment:checking '/home/booster/Workspace/slamxjw/install/navigation_pkg/bin'
[0.800s] INFO:colcon.colcon_core.shell:Creating package script '/home/booster/Workspace/slamxjw/install/navigation_pkg/share/navigation_pkg/package.ps1'
[0.801s] INFO:colcon.colcon_core.shell:Creating package descriptor '/home/booster/Workspace/slamxjw/install/navigation_pkg/share/navigation_pkg/package.dsv'
[0.802s] INFO:colcon.colcon_core.shell:Creating package script '/home/booster/Workspace/slamxjw/install/navigation_pkg/share/navigation_pkg/package.sh'
[0.802s] INFO:colcon.colcon_core.shell:Creating package script '/home/booster/Workspace/slamxjw/install/navigation_pkg/share/navigation_pkg/package.bash'
[0.803s] INFO:colcon.colcon_core.shell:Creating package script '/home/booster/Workspace/slamxjw/install/navigation_pkg/share/navigation_pkg/package.zsh'
[0.804s] Level 1:colcon.colcon_core.environment:create_file_with_runtime_dependencies(/home/booster/Workspace/slamxjw/install/navigation_pkg/share/colcon-core/packages/navigation_pkg)
[0.805s] DEBUG:colcon.colcon_parallel_executor.executor.parallel:closing loop
[0.806s] DEBUG:colcon.colcon_parallel_executor.executor.parallel:loop closed
[0.806s] DEBUG:colcon.colcon_parallel_executor.executor.parallel:run_until_complete finished with '0'
[0.806s] DEBUG:colcon.colcon_core.event_reactor:joining thread
[0.815s] INFO:colcon.colcon_core.plugin_system:Skipping extension 'colcon_notification.desktop_notification.terminal_notifier': Not used on non-Darwin systems
[0.816s] INFO:colcon.colcon_core.plugin_system:Skipping extension 'colcon_notification.desktop_notification.win32': Not used on non-Windows systems
[0.816s] INFO:colcon.colcon_notification.desktop_notification:Sending desktop notification using 'notify2'
[25.825s] DEBUG:colcon.colcon_notification.desktop_notification.notify2:Failed to initialize notify2: org.freedesktop.DBus.Error.NoReply: Did not receive a reply. Possible causes include: the remote application did not send a reply, the message bus security policy blocked the reply, the reply timeout expired, or the network connection was broken.
[25.826s] DEBUG:colcon.colcon_core.event_reactor:joined thread
[25.827s] INFO:colcon.colcon_core.shell:Creating prefix script '/home/booster/Workspace/slamxjw/install/local_setup.ps1'
[25.830s] INFO:colcon.colcon_core.shell:Creating prefix util module '/home/booster/Workspace/slamxjw/install/_local_setup_util_ps1.py'
[25.832s] INFO:colcon.colcon_core.shell:Creating prefix chain script '/home/booster/Workspace/slamxjw/install/setup.ps1'
[25.835s] INFO:colcon.colcon_core.shell:Creating prefix script '/home/booster/Workspace/slamxjw/install/local_setup.sh'
[25.836s] INFO:colcon.colcon_core.shell:Creating prefix util module '/home/booster/Workspace/slamxjw/install/_local_setup_util_sh.py'
[25.837s] INFO:colcon.colcon_core.shell:Creating prefix chain script '/home/booster/Workspace/slamxjw/install/setup.sh'
[25.841s] INFO:colcon.colcon_core.shell:Creating prefix script '/home/booster/Workspace/slamxjw/install/local_setup.bash'
[25.842s] INFO:colcon.colcon_core.shell:Creating prefix chain script '/home/booster/Workspace/slamxjw/install/setup.bash'
[25.844s] INFO:colcon.colcon_core.shell:Creating prefix script '/home/booster/Workspace/slamxjw/install/local_setup.zsh'
[25.845s] INFO:colcon.colcon_core.shell:Creating prefix chain script '/home/booster/Workspace/slamxjw/install/setup.zsh'
