[0.030s] Invoking command in '/home/booster/Workspace/boosterxjw/booster_ros2_example/build/booster_rpc_client': CMAKE_PREFIX_PATH=${CMAKE_PREFIX_PATH}:/opt/ros/humble CONDA_PROMPT_MODIFIER=(base) /usr/bin/cmake --build /home/booster/Workspace/boosterxjw/booster_ros2_example/build/booster_rpc_client -- -j8 -l8
[0.149s] [35m[1mConsolidate compiler generated dependencies of target rpc_client_node[0m
[0.203s] [100%] Built target rpc_client_node
[0.258s] Invoked command in '/home/booster/Workspace/boosterxjw/booster_ros2_example/build/booster_rpc_client' returned '0': CMAKE_PREFIX_PATH=${CMAKE_PREFIX_PATH}:/opt/ros/humble CONDA_PROMPT_MODIFIER=(base) /usr/bin/cmake --build /home/booster/Workspace/boosterxjw/booster_ros2_example/build/booster_rpc_client -- -j8 -l8
[0.261s] Invoking command in '/home/booster/Workspace/boosterxjw/booster_ros2_example/build/booster_rpc_client': CMAKE_PREFIX_PATH=${CMAKE_PREFIX_PATH}:/opt/ros/humble CONDA_PROMPT_MODIFIER=(base) /usr/bin/cmake --install /home/booster/Workspace/boosterxjw/booster_ros2_example/build/booster_rpc_client
[0.275s] -- Install configuration: ""
[0.278s] -- Up-to-date: /home/booster/Workspace/boosterxjw/booster_ros2_example/install/booster_rpc_client/lib/booster_rpc_client/rpc_client_node
[0.280s] -- Up-to-date: /home/booster/Workspace/boosterxjw/booster_ros2_example/install/booster_rpc_client/share/ament_index/resource_index/package_run_dependencies/booster_rpc_client
[0.280s] -- Up-to-date: /home/booster/Workspace/boosterxjw/booster_ros2_example/install/booster_rpc_client/share/ament_index/resource_index/parent_prefix_path/booster_rpc_client
[0.280s] -- Up-to-date: /home/booster/Workspace/boosterxjw/booster_ros2_example/install/booster_rpc_client/share/booster_rpc_client/environment/ament_prefix_path.sh
[0.280s] -- Up-to-date: /home/booster/Workspace/boosterxjw/booster_ros2_example/install/booster_rpc_client/share/booster_rpc_client/environment/ament_prefix_path.dsv
[0.280s] -- Up-to-date: /home/booster/Workspace/boosterxjw/booster_ros2_example/install/booster_rpc_client/share/booster_rpc_client/environment/path.sh
[0.280s] -- Up-to-date: /home/booster/Workspace/boosterxjw/booster_ros2_example/install/booster_rpc_client/share/booster_rpc_client/environment/path.dsv
[0.280s] -- Up-to-date: /home/booster/Workspace/boosterxjw/booster_ros2_example/install/booster_rpc_client/share/booster_rpc_client/local_setup.bash
[0.280s] -- Up-to-date: /home/booster/Workspace/boosterxjw/booster_ros2_example/install/booster_rpc_client/share/booster_rpc_client/local_setup.sh
[0.280s] -- Up-to-date: /home/booster/Workspace/boosterxjw/booster_ros2_example/install/booster_rpc_client/share/booster_rpc_client/local_setup.zsh
[0.280s] -- Up-to-date: /home/booster/Workspace/boosterxjw/booster_ros2_example/install/booster_rpc_client/share/booster_rpc_client/local_setup.dsv
[0.281s] -- Installing: /home/booster/Workspace/boosterxjw/booster_ros2_example/install/booster_rpc_client/share/booster_rpc_client/package.dsv
[0.281s] -- Up-to-date: /home/booster/Workspace/boosterxjw/booster_ros2_example/install/booster_rpc_client/share/ament_index/resource_index/packages/booster_rpc_client
[0.281s] -- Up-to-date: /home/booster/Workspace/boosterxjw/booster_ros2_example/install/booster_rpc_client/share/booster_rpc_client/cmake/booster_rpc_clientConfig.cmake
[0.281s] -- Up-to-date: /home/booster/Workspace/boosterxjw/booster_ros2_example/install/booster_rpc_client/share/booster_rpc_client/cmake/booster_rpc_clientConfig-version.cmake
[0.282s] -- Up-to-date: /home/booster/Workspace/boosterxjw/booster_ros2_example/install/booster_rpc_client/share/booster_rpc_client/package.xml
[0.332s] Invoked command in '/home/booster/Workspace/boosterxjw/booster_ros2_example/build/booster_rpc_client' returned '0': CMAKE_PREFIX_PATH=${CMAKE_PREFIX_PATH}:/opt/ros/humble CONDA_PROMPT_MODIFIER=(base) /usr/bin/cmake --install /home/booster/Workspace/boosterxjw/booster_ros2_example/build/booster_rpc_client
