-- The C compiler identification is GNU 11.4.0
-- The CXX compiler identification is GNU 11.4.0
-- Detecting C compiler ABI info
-- Detecting C compiler ABI info - done
-- Check for working C compiler: /usr/bin/cc - skipped
-- Detecting C compile features
-- Detecting C compile features - done
-- Detecting CXX compiler ABI info
-- Detecting CXX compiler ABI info - done
-- Check for working CXX compiler: /usr/bin/c++ - skipped
-- Detecting CXX compile features
-- Detecting CXX compile features - done
-- Found ament_cmake: 1.3.11 (/opt/ros/humble/share/ament_cmake/cmake)
-- Found Python3: /usr/bin/python3 (found version "3.10.12") found components: Interpreter 
-- Found rclcpp: 16.0.12 (/opt/ros/humble/share/rclcpp/cmake)
-- Found rosidl_generator_c: 3.1.6 (/opt/ros/humble/share/rosidl_generator_c/cmake)
-- Found rosidl_adapter: 3.1.6 (/opt/ros/humble/share/rosidl_adapter/cmake)
-- Found rosidl_generator_cpp: 3.1.6 (/opt/ros/humble/share/rosidl_generator_cpp/cmake)
-- Using all available rosidl_typesupport_c: rosidl_typesupport_fastrtps_c;rosidl_typesupport_introspection_c
-- Using all available rosidl_typesupport_cpp: rosidl_typesupport_fastrtps_cpp;rosidl_typesupport_introspection_cpp
-- Found rmw_implementation_cmake: 6.1.2 (/opt/ros/humble/share/rmw_implementation_cmake/cmake)
-- Found rmw_fastrtps_cpp: 6.2.7 (/opt/ros/humble/share/rmw_fastrtps_cpp/cmake)
-- Found OpenSSL: /usr/lib/aarch64-linux-gnu/libcrypto.so (found version "3.0.2")  
-- Found FastRTPS: /opt/ros/humble/include  
-- Using RMW implementation 'rmw_fastrtps_cpp' as default
-- Looking for pthread.h
-- Looking for pthread.h - found
-- Performing Test CMAKE_HAVE_LIBC_PTHREAD
-- Performing Test CMAKE_HAVE_LIBC_PTHREAD - Success
-- Found Threads: TRUE  
-- Found nav2_bringup: 1.1.18 (/opt/ros/humble/share/nav2_bringup/cmake)
-- Found nav2_core: 1.1.18 (/opt/ros/humble/share/nav2_core/cmake)
-- Found Eigen3: TRUE (found version "3.4.0") 
-- Ensuring Eigen3 include directory is part of orocos-kdl CMake target
-- Found ament_lint_auto: 0.12.12 (/opt/ros/humble/share/ament_lint_auto/cmake)
-- Added test 'flake8' to check Python code syntax and style conventions
-- Added test 'lint_cmake' to check CMake code style
-- Added test 'pep257' to check Python code against some of the docstring style conventions in PEP 257
-- Added test 'xmllint' to check XML markup files
-- Configuring done
-- Generating done
[33mCMake Warning:
  Manually-specified variables were not used by the project:

    PYTHON_EXECUTABLE

[0m
-- Build files have been written to: /home/booster/Workspace/slamxjw/build/navigation_pkg
-- Install configuration: ""
-- Installing: /home/booster/Workspace/slamxjw/install/navigation_pkg/share/navigation_pkg//launch
-- Installing: /home/booster/Workspace/slamxjw/install/navigation_pkg/share/navigation_pkg//launch/__pycache__
-- Installing: /home/booster/Workspace/slamxjw/install/navigation_pkg/share/navigation_pkg//launch/__pycache__/nav2_demo_launch.cpython-310.pyc
-- Installing: /home/booster/Workspace/slamxjw/install/navigation_pkg/share/navigation_pkg//launch/nav2_demo_launch.py
-- Installing: /home/booster/Workspace/slamxjw/install/navigation_pkg/share/navigation_pkg//launch/navigation_launch_test.py
-- Installing: /home/booster/Workspace/slamxjw/install/navigation_pkg/share/navigation_pkg//config
-- Installing: /home/booster/Workspace/slamxjw/install/navigation_pkg/share/navigation_pkg//config/build
-- Installing: /home/booster/Workspace/slamxjw/install/navigation_pkg/share/navigation_pkg//config/build/COLCON_IGNORE
-- Installing: /home/booster/Workspace/slamxjw/install/navigation_pkg/share/navigation_pkg//config/build/.built_by
-- Installing: /home/booster/Workspace/slamxjw/install/navigation_pkg/share/navigation_pkg//config/log
-- Installing: /home/booster/Workspace/slamxjw/install/navigation_pkg/share/navigation_pkg//config/log/latest
-- Installing: /home/booster/Workspace/slamxjw/install/navigation_pkg/share/navigation_pkg//config/log/COLCON_IGNORE
-- Installing: /home/booster/Workspace/slamxjw/install/navigation_pkg/share/navigation_pkg//config/log/build_2025-05-15_13-54-40
-- Installing: /home/booster/Workspace/slamxjw/install/navigation_pkg/share/navigation_pkg//config/log/build_2025-05-15_13-54-40/events.log
-- Installing: /home/booster/Workspace/slamxjw/install/navigation_pkg/share/navigation_pkg//config/log/build_2025-05-15_13-54-40/logger_all.log
-- Installing: /home/booster/Workspace/slamxjw/install/navigation_pkg/share/navigation_pkg//config/log/latest_build
-- Installing: /home/booster/Workspace/slamxjw/install/navigation_pkg/share/navigation_pkg//config/factor_perception_nav2_params copy.yaml
-- Installing: /home/booster/Workspace/slamxjw/install/navigation_pkg/share/navigation_pkg//config/factor_perception_nav2_params.yaml
-- Installing: /home/booster/Workspace/slamxjw/install/navigation_pkg/share/navigation_pkg//config/install
-- Installing: /home/booster/Workspace/slamxjw/install/navigation_pkg/share/navigation_pkg//config/install/local_setup.ps1
-- Installing: /home/booster/Workspace/slamxjw/install/navigation_pkg/share/navigation_pkg//config/install/local_setup.zsh
-- Installing: /home/booster/Workspace/slamxjw/install/navigation_pkg/share/navigation_pkg//config/install/COLCON_IGNORE
-- Installing: /home/booster/Workspace/slamxjw/install/navigation_pkg/share/navigation_pkg//config/install/setup.zsh
-- Installing: /home/booster/Workspace/slamxjw/install/navigation_pkg/share/navigation_pkg//config/install/setup.bash
-- Installing: /home/booster/Workspace/slamxjw/install/navigation_pkg/share/navigation_pkg//config/install/.colcon_install_layout
-- Installing: /home/booster/Workspace/slamxjw/install/navigation_pkg/share/navigation_pkg//config/install/_local_setup_util_sh.py
-- Installing: /home/booster/Workspace/slamxjw/install/navigation_pkg/share/navigation_pkg//config/install/local_setup.bash
-- Installing: /home/booster/Workspace/slamxjw/install/navigation_pkg/share/navigation_pkg//config/install/setup.ps1
-- Installing: /home/booster/Workspace/slamxjw/install/navigation_pkg/share/navigation_pkg//config/install/_local_setup_util_ps1.py
-- Installing: /home/booster/Workspace/slamxjw/install/navigation_pkg/share/navigation_pkg//config/install/local_setup.sh
-- Installing: /home/booster/Workspace/slamxjw/install/navigation_pkg/share/navigation_pkg//config/install/setup.sh
-- Installing: /home/booster/Workspace/slamxjw/install/navigation_pkg/share/ament_index/resource_index/package_run_dependencies/navigation_pkg
-- Installing: /home/booster/Workspace/slamxjw/install/navigation_pkg/share/ament_index/resource_index/parent_prefix_path/navigation_pkg
-- Installing: /home/booster/Workspace/slamxjw/install/navigation_pkg/share/navigation_pkg/environment/ament_prefix_path.sh
-- Installing: /home/booster/Workspace/slamxjw/install/navigation_pkg/share/navigation_pkg/environment/ament_prefix_path.dsv
-- Installing: /home/booster/Workspace/slamxjw/install/navigation_pkg/share/navigation_pkg/environment/path.sh
-- Installing: /home/booster/Workspace/slamxjw/install/navigation_pkg/share/navigation_pkg/environment/path.dsv
-- Installing: /home/booster/Workspace/slamxjw/install/navigation_pkg/share/navigation_pkg/local_setup.bash
-- Installing: /home/booster/Workspace/slamxjw/install/navigation_pkg/share/navigation_pkg/local_setup.sh
-- Installing: /home/booster/Workspace/slamxjw/install/navigation_pkg/share/navigation_pkg/local_setup.zsh
-- Installing: /home/booster/Workspace/slamxjw/install/navigation_pkg/share/navigation_pkg/local_setup.dsv
-- Installing: /home/booster/Workspace/slamxjw/install/navigation_pkg/share/navigation_pkg/package.dsv
-- Installing: /home/booster/Workspace/slamxjw/install/navigation_pkg/share/ament_index/resource_index/packages/navigation_pkg
-- Installing: /home/booster/Workspace/slamxjw/install/navigation_pkg/share/navigation_pkg/cmake/navigation_pkgConfig.cmake
-- Installing: /home/booster/Workspace/slamxjw/install/navigation_pkg/share/navigation_pkg/cmake/navigation_pkgConfig-version.cmake
-- Installing: /home/booster/Workspace/slamxjw/install/navigation_pkg/share/navigation_pkg/package.xml
