[0.024s] Invoking command in '/home/booster/Workspace/boosterxjw/booster_ros2_example/build/booster_rpc_client': CMAKE_PREFIX_PATH=${CMAKE_PREFIX_PATH}:/opt/ros/humble /usr/bin/cmake --build /home/booster/Workspace/boosterxjw/booster_ros2_example/build/booster_rpc_client -- -j8 -l8
[0.093s] [35m[1mConsolidate compiler generated dependencies of target rpc_client_node[0m
[0.125s] [ 50%] [32mBuilding CXX object CMakeFiles/rpc_client_node.dir/src/client.cpp.o[0m
[19.798s] [100%] [32m[1mLinking CXX executable rpc_client_node[0m
[20.784s] [100%] Built target rpc_client_node
[20.808s] Invoked command in '/home/booster/Workspace/boosterxjw/booster_ros2_example/build/booster_rpc_client' returned '0': CMAKE_PREFIX_PATH=${CMAKE_PREFIX_PATH}:/opt/ros/humble /usr/bin/cmake --build /home/booster/Workspace/boosterxjw/booster_ros2_example/build/booster_rpc_client -- -j8 -l8
[20.812s] Invoking command in '/home/booster/Workspace/boosterxjw/booster_ros2_example/build/booster_rpc_client': CMAKE_PREFIX_PATH=${CMAKE_PREFIX_PATH}:/opt/ros/humble /usr/bin/cmake --install /home/booster/Workspace/boosterxjw/booster_ros2_example/build/booster_rpc_client
[20.830s] -- Install configuration: ""
[20.830s] -- Installing: /home/booster/Workspace/boosterxjw/booster_ros2_example/install/booster_rpc_client/lib/booster_rpc_client/rpc_client_node
[20.846s] -- Set runtime path of "/home/booster/Workspace/boosterxjw/booster_ros2_example/install/booster_rpc_client/lib/booster_rpc_client/rpc_client_node" to ""
[20.846s] -- Up-to-date: /home/booster/Workspace/boosterxjw/booster_ros2_example/install/booster_rpc_client/share/ament_index/resource_index/package_run_dependencies/booster_rpc_client
[20.846s] -- Up-to-date: /home/booster/Workspace/boosterxjw/booster_ros2_example/install/booster_rpc_client/share/ament_index/resource_index/parent_prefix_path/booster_rpc_client
[20.846s] -- Up-to-date: /home/booster/Workspace/boosterxjw/booster_ros2_example/install/booster_rpc_client/share/booster_rpc_client/environment/ament_prefix_path.sh
[20.846s] -- Up-to-date: /home/booster/Workspace/boosterxjw/booster_ros2_example/install/booster_rpc_client/share/booster_rpc_client/environment/ament_prefix_path.dsv
[20.847s] -- Up-to-date: /home/booster/Workspace/boosterxjw/booster_ros2_example/install/booster_rpc_client/share/booster_rpc_client/environment/path.sh
[20.847s] -- Up-to-date: /home/booster/Workspace/boosterxjw/booster_ros2_example/install/booster_rpc_client/share/booster_rpc_client/environment/path.dsv
[20.847s] -- Up-to-date: /home/booster/Workspace/boosterxjw/booster_ros2_example/install/booster_rpc_client/share/booster_rpc_client/local_setup.bash
[20.847s] -- Up-to-date: /home/booster/Workspace/boosterxjw/booster_ros2_example/install/booster_rpc_client/share/booster_rpc_client/local_setup.sh
[20.847s] -- Up-to-date: /home/booster/Workspace/boosterxjw/booster_ros2_example/install/booster_rpc_client/share/booster_rpc_client/local_setup.zsh
[20.847s] -- Up-to-date: /home/booster/Workspace/boosterxjw/booster_ros2_example/install/booster_rpc_client/share/booster_rpc_client/local_setup.dsv
[20.847s] -- Installing: /home/booster/Workspace/boosterxjw/booster_ros2_example/install/booster_rpc_client/share/booster_rpc_client/package.dsv
[20.847s] -- Up-to-date: /home/booster/Workspace/boosterxjw/booster_ros2_example/install/booster_rpc_client/share/ament_index/resource_index/packages/booster_rpc_client
[20.847s] -- Up-to-date: /home/booster/Workspace/boosterxjw/booster_ros2_example/install/booster_rpc_client/share/booster_rpc_client/cmake/booster_rpc_clientConfig.cmake
[20.848s] -- Up-to-date: /home/booster/Workspace/boosterxjw/booster_ros2_example/install/booster_rpc_client/share/booster_rpc_client/cmake/booster_rpc_clientConfig-version.cmake
[20.848s] -- Up-to-date: /home/booster/Workspace/boosterxjw/booster_ros2_example/install/booster_rpc_client/share/booster_rpc_client/package.xml
[20.852s] Invoked command in '/home/booster/Workspace/boosterxjw/booster_ros2_example/build/booster_rpc_client' returned '0': CMAKE_PREFIX_PATH=${CMAKE_PREFIX_PATH}:/opt/ros/humble /usr/bin/cmake --install /home/booster/Workspace/boosterxjw/booster_ros2_example/build/booster_rpc_client
