[0.179s] DEBUG:colcon:Command line arguments: ['/usr/bin/colcon', 'build']
[0.179s] DEBUG:colcon:Parsed command line arguments: Namespace(log_base=None, log_level=None, verb_name='build', build_base='build', install_base='install', merge_install=False, symlink_install=False, test_result_base=None, continue_on_error=False, executor='parallel', parallel_workers=8, event_handlers=None, ignore_user_meta=False, metas=['./colcon.meta'], base_paths=['.'], packages_ignore=None, packages_ignore_regex=None, paths=None, packages_up_to=None, packages_up_to_regex=None, packages_above=None, packages_above_and_dependencies=None, packages_above_depth=None, packages_select_by_dep=None, packages_skip_by_dep=None, packages_skip_up_to=None, packages_select_build_failed=False, packages_skip_build_finished=False, packages_select_test_failures=False, packages_skip_test_passed=False, packages_select=None, packages_skip=None, packages_select_regex=None, packages_skip_regex=None, packages_start=None, packages_end=None, allow_overriding=[], cmake_args=None, cmake_target=None, cmake_target_skip_unavailable=False, cmake_clean_cache=False, cmake_clean_first=False, cmake_force_configure=False, ament_cmake_args=None, catkin_cmake_args=None, catkin_skip_building_tests=False, verb_parser=<colcon_defaults.argument_parser.defaults.DefaultArgumentsDecorator object at 0xffff87ba8880>, verb_extension=<colcon_core.verb.build.BuildVerb object at 0xffff87ba83a0>, main=<bound method BuildVerb.main of <colcon_core.verb.build.BuildVerb object at 0xffff87ba83a0>>)
[0.468s] Level 1:colcon.colcon_core.package_discovery:discover_packages(colcon_meta) check parameters
[0.469s] Level 1:colcon.colcon_core.package_discovery:discover_packages(recursive) check parameters
[0.469s] Level 1:colcon.colcon_core.package_discovery:discover_packages(ignore) check parameters
[0.469s] Level 1:colcon.colcon_core.package_discovery:discover_packages(path) check parameters
[0.469s] Level 1:colcon.colcon_core.package_discovery:discover_packages(colcon_meta) discover
[0.469s] Level 1:colcon.colcon_core.package_discovery:discover_packages(recursive) discover
[0.469s] INFO:colcon.colcon_core.package_discovery:Crawling recursively for packages in '/home/booster/Workspace/boosterxjw/booster_ros2_example'
[0.469s] Level 1:colcon.colcon_core.package_identification:_identify(.) by extensions ['ignore', 'ignore_ament_install']
[0.469s] Level 1:colcon.colcon_core.package_identification:_identify(.) by extension 'ignore'
[0.470s] Level 1:colcon.colcon_core.package_identification:_identify(.) by extension 'ignore_ament_install'
[0.470s] Level 1:colcon.colcon_core.package_identification:_identify(.) by extensions ['colcon_pkg']
[0.470s] Level 1:colcon.colcon_core.package_identification:_identify(.) by extension 'colcon_pkg'
[0.470s] Level 1:colcon.colcon_core.package_identification:_identify(.) by extensions ['colcon_meta']
[0.470s] Level 1:colcon.colcon_core.package_identification:_identify(.) by extension 'colcon_meta'
[0.470s] Level 1:colcon.colcon_core.package_identification:_identify(.) by extensions ['ros']
[0.470s] Level 1:colcon.colcon_core.package_identification:_identify(.) by extension 'ros'
[0.487s] Level 1:colcon.colcon_core.package_identification:_identify(.) by extensions ['cmake', 'python']
[0.488s] Level 1:colcon.colcon_core.package_identification:_identify(.) by extension 'cmake'
[0.488s] Level 1:colcon.colcon_core.package_identification:_identify(.) by extension 'python'
[0.488s] Level 1:colcon.colcon_core.package_identification:_identify(.) by extensions ['python_setup_py']
[0.488s] Level 1:colcon.colcon_core.package_identification:_identify(.) by extension 'python_setup_py'
[0.488s] Level 1:colcon.colcon_core.package_identification:_identify(build) by extensions ['ignore', 'ignore_ament_install']
[0.488s] Level 1:colcon.colcon_core.package_identification:_identify(build) by extension 'ignore'
[0.488s] Level 1:colcon.colcon_core.package_identification:_identify(build) ignored
[0.489s] Level 1:colcon.colcon_core.package_identification:_identify(install) by extensions ['ignore', 'ignore_ament_install']
[0.489s] Level 1:colcon.colcon_core.package_identification:_identify(install) by extension 'ignore'
[0.489s] Level 1:colcon.colcon_core.package_identification:_identify(install) ignored
[0.489s] Level 1:colcon.colcon_core.package_identification:_identify(log) by extensions ['ignore', 'ignore_ament_install']
[0.489s] Level 1:colcon.colcon_core.package_identification:_identify(log) by extension 'ignore'
[0.490s] Level 1:colcon.colcon_core.package_identification:_identify(log) ignored
[0.490s] Level 1:colcon.colcon_core.package_identification:_identify(low_level) by extensions ['ignore', 'ignore_ament_install']
[0.490s] Level 1:colcon.colcon_core.package_identification:_identify(low_level) by extension 'ignore'
[0.490s] Level 1:colcon.colcon_core.package_identification:_identify(low_level) by extension 'ignore_ament_install'
[0.490s] Level 1:colcon.colcon_core.package_identification:_identify(low_level) by extensions ['colcon_pkg']
[0.490s] Level 1:colcon.colcon_core.package_identification:_identify(low_level) by extension 'colcon_pkg'
[0.490s] Level 1:colcon.colcon_core.package_identification:_identify(low_level) by extensions ['colcon_meta']
[0.490s] Level 1:colcon.colcon_core.package_identification:_identify(low_level) by extension 'colcon_meta'
[0.490s] Level 1:colcon.colcon_core.package_identification:_identify(low_level) by extensions ['ros']
[0.490s] Level 1:colcon.colcon_core.package_identification:_identify(low_level) by extension 'ros'
[0.496s] DEBUG:colcon.colcon_core.package_identification:Package 'low_level' with type 'ros.ament_cmake' and name 'low_level'
[0.496s] Level 1:colcon.colcon_core.package_identification:_identify(rpc_client) by extensions ['ignore', 'ignore_ament_install']
[0.497s] Level 1:colcon.colcon_core.package_identification:_identify(rpc_client) by extension 'ignore'
[0.497s] Level 1:colcon.colcon_core.package_identification:_identify(rpc_client) by extension 'ignore_ament_install'
[0.497s] Level 1:colcon.colcon_core.package_identification:_identify(rpc_client) by extensions ['colcon_pkg']
[0.497s] Level 1:colcon.colcon_core.package_identification:_identify(rpc_client) by extension 'colcon_pkg'
[0.497s] Level 1:colcon.colcon_core.package_identification:_identify(rpc_client) by extensions ['colcon_meta']
[0.497s] Level 1:colcon.colcon_core.package_identification:_identify(rpc_client) by extension 'colcon_meta'
[0.497s] Level 1:colcon.colcon_core.package_identification:_identify(rpc_client) by extensions ['ros']
[0.497s] Level 1:colcon.colcon_core.package_identification:_identify(rpc_client) by extension 'ros'
[0.499s] DEBUG:colcon.colcon_core.package_identification:Package 'rpc_client' with type 'ros.ament_cmake' and name 'booster_rpc_client'
[0.499s] Level 1:colcon.colcon_core.package_discovery:discover_packages(recursive) using defaults
[0.499s] Level 1:colcon.colcon_core.package_discovery:discover_packages(ignore) discover
[0.499s] Level 1:colcon.colcon_core.package_discovery:discover_packages(ignore) using defaults
[0.499s] Level 1:colcon.colcon_core.package_discovery:discover_packages(path) discover
[0.499s] Level 1:colcon.colcon_core.package_discovery:discover_packages(path) using defaults
[0.564s] Level 1:colcon.colcon_core.package_discovery:discover_packages(prefix_path) check parameters
[0.565s] Level 1:colcon.colcon_core.package_discovery:discover_packages(prefix_path) discover
[0.568s] DEBUG:colcon.colcon_installed_package_information.package_discovery:Found 1 installed packages in /home/booster/Workspace/boosterxjw/booster_ros2_interface/install
[0.568s] DEBUG:colcon.colcon_installed_package_information.package_discovery:Found 2 installed packages in /home/booster/Workspace/booster_ros2_example/install
[0.570s] DEBUG:colcon.colcon_installed_package_information.package_discovery:Found 369 installed packages in /opt/ros/humble
[0.573s] Level 1:colcon.colcon_core.package_discovery:discover_packages(prefix_path) using defaults
[0.644s] Level 5:colcon.colcon_core.verb:set package 'booster_rpc_client' build argument 'cmake_args' from command line to 'None'
[0.644s] Level 5:colcon.colcon_core.verb:set package 'booster_rpc_client' build argument 'cmake_target' from command line to 'None'
[0.644s] Level 5:colcon.colcon_core.verb:set package 'booster_rpc_client' build argument 'cmake_target_skip_unavailable' from command line to 'False'
[0.644s] Level 5:colcon.colcon_core.verb:set package 'booster_rpc_client' build argument 'cmake_clean_cache' from command line to 'False'
[0.644s] Level 5:colcon.colcon_core.verb:set package 'booster_rpc_client' build argument 'cmake_clean_first' from command line to 'False'
[0.644s] Level 5:colcon.colcon_core.verb:set package 'booster_rpc_client' build argument 'cmake_force_configure' from command line to 'False'
[0.644s] Level 5:colcon.colcon_core.verb:set package 'booster_rpc_client' build argument 'ament_cmake_args' from command line to 'None'
[0.644s] Level 5:colcon.colcon_core.verb:set package 'booster_rpc_client' build argument 'catkin_cmake_args' from command line to 'None'
[0.644s] Level 5:colcon.colcon_core.verb:set package 'booster_rpc_client' build argument 'catkin_skip_building_tests' from command line to 'False'
[0.644s] DEBUG:colcon.colcon_core.verb:Building package 'booster_rpc_client' with the following arguments: {'ament_cmake_args': None, 'build_base': '/home/booster/Workspace/boosterxjw/booster_ros2_example/build/booster_rpc_client', 'catkin_cmake_args': None, 'catkin_skip_building_tests': False, 'cmake_args': None, 'cmake_clean_cache': False, 'cmake_clean_first': False, 'cmake_force_configure': False, 'cmake_target': None, 'cmake_target_skip_unavailable': False, 'install_base': '/home/booster/Workspace/boosterxjw/booster_ros2_example/install/booster_rpc_client', 'merge_install': False, 'path': '/home/booster/Workspace/boosterxjw/booster_ros2_example/rpc_client', 'symlink_install': False, 'test_result_base': None}
[0.645s] Level 5:colcon.colcon_core.verb:set package 'low_level' build argument 'cmake_args' from command line to 'None'
[0.645s] Level 5:colcon.colcon_core.verb:set package 'low_level' build argument 'cmake_target' from command line to 'None'
[0.645s] Level 5:colcon.colcon_core.verb:set package 'low_level' build argument 'cmake_target_skip_unavailable' from command line to 'False'
[0.645s] Level 5:colcon.colcon_core.verb:set package 'low_level' build argument 'cmake_clean_cache' from command line to 'False'
[0.645s] Level 5:colcon.colcon_core.verb:set package 'low_level' build argument 'cmake_clean_first' from command line to 'False'
[0.645s] Level 5:colcon.colcon_core.verb:set package 'low_level' build argument 'cmake_force_configure' from command line to 'False'
[0.645s] Level 5:colcon.colcon_core.verb:set package 'low_level' build argument 'ament_cmake_args' from command line to 'None'
[0.645s] Level 5:colcon.colcon_core.verb:set package 'low_level' build argument 'catkin_cmake_args' from command line to 'None'
[0.645s] Level 5:colcon.colcon_core.verb:set package 'low_level' build argument 'catkin_skip_building_tests' from command line to 'False'
[0.645s] DEBUG:colcon.colcon_core.verb:Building package 'low_level' with the following arguments: {'ament_cmake_args': None, 'build_base': '/home/booster/Workspace/boosterxjw/booster_ros2_example/build/low_level', 'catkin_cmake_args': None, 'catkin_skip_building_tests': False, 'cmake_args': None, 'cmake_clean_cache': False, 'cmake_clean_first': False, 'cmake_force_configure': False, 'cmake_target': None, 'cmake_target_skip_unavailable': False, 'install_base': '/home/booster/Workspace/boosterxjw/booster_ros2_example/install/low_level', 'merge_install': False, 'path': '/home/booster/Workspace/boosterxjw/booster_ros2_example/low_level', 'symlink_install': False, 'test_result_base': None}
[0.646s] INFO:colcon.colcon_core.executor:Executing jobs using 'parallel' executor
[0.647s] DEBUG:colcon.colcon_parallel_executor.executor.parallel:run_until_complete
[0.648s] INFO:colcon.colcon_ros.task.ament_cmake.build:Building ROS package in '/home/booster/Workspace/boosterxjw/booster_ros2_example/rpc_client' with build type 'ament_cmake'
[0.648s] INFO:colcon.colcon_cmake.task.cmake.build:Building CMake package in '/home/booster/Workspace/boosterxjw/booster_ros2_example/rpc_client'
[0.651s] INFO:colcon.colcon_core.plugin_system:Skipping extension 'colcon_core.shell.bat': Not used on non-Windows systems
[0.651s] INFO:colcon.colcon_core.shell:Skip shell extension 'powershell' for command environment: Not usable outside of PowerShell
[0.652s] DEBUG:colcon.colcon_core.shell:Skip shell extension 'dsv' for command environment
[0.659s] INFO:colcon.colcon_ros.task.ament_cmake.build:Building ROS package in '/home/booster/Workspace/boosterxjw/booster_ros2_example/low_level' with build type 'ament_cmake'
[0.660s] INFO:colcon.colcon_cmake.task.cmake.build:Building CMake package in '/home/booster/Workspace/boosterxjw/booster_ros2_example/low_level'
[0.660s] INFO:colcon.colcon_core.shell:Skip shell extension 'powershell' for command environment: Not usable outside of PowerShell
[0.661s] DEBUG:colcon.colcon_core.shell:Skip shell extension 'dsv' for command environment
[0.673s] DEBUG:colcon.colcon_core.event_handler.log_command:Invoking command in '/home/booster/Workspace/boosterxjw/booster_ros2_example/build/booster_rpc_client': CMAKE_PREFIX_PATH=${CMAKE_PREFIX_PATH}:/opt/ros/humble /usr/bin/cmake --build /home/booster/Workspace/boosterxjw/booster_ros2_example/build/booster_rpc_client -- -j8 -l8
[0.682s] DEBUG:colcon.colcon_core.event_handler.log_command:Invoking command in '/home/booster/Workspace/boosterxjw/booster_ros2_example/build/low_level': CMAKE_PREFIX_PATH=${CMAKE_PREFIX_PATH}:/opt/ros/humble /usr/bin/cmake --build /home/booster/Workspace/boosterxjw/booster_ros2_example/build/low_level -- -j8 -l8
[0.804s] DEBUG:colcon.colcon_core.event_handler.log_command:Invoked command in '/home/booster/Workspace/boosterxjw/booster_ros2_example/build/low_level' returned '0': CMAKE_PREFIX_PATH=${CMAKE_PREFIX_PATH}:/opt/ros/humble /usr/bin/cmake --build /home/booster/Workspace/boosterxjw/booster_ros2_example/build/low_level -- -j8 -l8
[0.824s] DEBUG:colcon.colcon_core.event_handler.log_command:Invoking command in '/home/booster/Workspace/boosterxjw/booster_ros2_example/build/low_level': CMAKE_PREFIX_PATH=${CMAKE_PREFIX_PATH}:/opt/ros/humble /usr/bin/cmake --install /home/booster/Workspace/boosterxjw/booster_ros2_example/build/low_level
[0.843s] Level 1:colcon.colcon_core.environment:create_environment_scripts_only(low_level)
[0.844s] DEBUG:colcon.colcon_core.event_handler.log_command:Invoked command in '/home/booster/Workspace/boosterxjw/booster_ros2_example/build/low_level' returned '0': CMAKE_PREFIX_PATH=${CMAKE_PREFIX_PATH}:/opt/ros/humble /usr/bin/cmake --install /home/booster/Workspace/boosterxjw/booster_ros2_example/build/low_level
[0.848s] Level 1:colcon.colcon_core.environment:checking '/home/booster/Workspace/boosterxjw/booster_ros2_example/install/low_level' for CMake module files
[0.849s] Level 1:colcon.colcon_core.environment:checking '/home/booster/Workspace/boosterxjw/booster_ros2_example/install/low_level' for CMake config files
[0.850s] Level 1:colcon.colcon_core.shell:create_environment_hook('low_level', 'cmake_prefix_path')
[0.850s] INFO:colcon.colcon_core.shell:Creating environment hook '/home/booster/Workspace/boosterxjw/booster_ros2_example/install/low_level/share/low_level/hook/cmake_prefix_path.ps1'
[0.852s] INFO:colcon.colcon_core.shell:Creating environment descriptor '/home/booster/Workspace/boosterxjw/booster_ros2_example/install/low_level/share/low_level/hook/cmake_prefix_path.dsv'
[0.853s] INFO:colcon.colcon_core.shell:Creating environment hook '/home/booster/Workspace/boosterxjw/booster_ros2_example/install/low_level/share/low_level/hook/cmake_prefix_path.sh'
[0.855s] Level 1:colcon.colcon_core.environment:checking '/home/booster/Workspace/boosterxjw/booster_ros2_example/install/low_level/lib'
[0.855s] Level 1:colcon.colcon_core.environment:checking '/home/booster/Workspace/boosterxjw/booster_ros2_example/install/low_level/bin'
[0.855s] Level 1:colcon.colcon_core.environment:checking '/home/booster/Workspace/boosterxjw/booster_ros2_example/install/low_level/lib/pkgconfig/low_level.pc'
[0.856s] Level 1:colcon.colcon_core.environment:checking '/home/booster/Workspace/boosterxjw/booster_ros2_example/install/low_level/lib/python3.10/site-packages'
[0.856s] Level 1:colcon.colcon_core.environment:checking '/home/booster/Workspace/boosterxjw/booster_ros2_example/install/low_level/bin'
[0.857s] INFO:colcon.colcon_core.shell:Creating package script '/home/booster/Workspace/boosterxjw/booster_ros2_example/install/low_level/share/low_level/package.ps1'
[0.858s] INFO:colcon.colcon_core.shell:Creating package descriptor '/home/booster/Workspace/boosterxjw/booster_ros2_example/install/low_level/share/low_level/package.dsv'
[0.859s] INFO:colcon.colcon_core.shell:Creating package script '/home/booster/Workspace/boosterxjw/booster_ros2_example/install/low_level/share/low_level/package.sh'
[0.861s] INFO:colcon.colcon_core.shell:Creating package script '/home/booster/Workspace/boosterxjw/booster_ros2_example/install/low_level/share/low_level/package.bash'
[0.862s] INFO:colcon.colcon_core.shell:Creating package script '/home/booster/Workspace/boosterxjw/booster_ros2_example/install/low_level/share/low_level/package.zsh'
[0.864s] Level 1:colcon.colcon_core.environment:create_file_with_runtime_dependencies(/home/booster/Workspace/boosterxjw/booster_ros2_example/install/low_level/share/colcon-core/packages/low_level)
[0.865s] Level 1:colcon.colcon_core.environment:create_environment_scripts_only(low_level)
[0.865s] Level 1:colcon.colcon_core.environment:checking '/home/booster/Workspace/boosterxjw/booster_ros2_example/install/low_level' for CMake module files
[0.866s] Level 1:colcon.colcon_core.environment:checking '/home/booster/Workspace/boosterxjw/booster_ros2_example/install/low_level' for CMake config files
[0.867s] Level 1:colcon.colcon_core.shell:create_environment_hook('low_level', 'cmake_prefix_path')
[0.867s] INFO:colcon.colcon_core.shell:Creating environment hook '/home/booster/Workspace/boosterxjw/booster_ros2_example/install/low_level/share/low_level/hook/cmake_prefix_path.ps1'
[0.868s] INFO:colcon.colcon_core.shell:Creating environment descriptor '/home/booster/Workspace/boosterxjw/booster_ros2_example/install/low_level/share/low_level/hook/cmake_prefix_path.dsv'
[0.869s] INFO:colcon.colcon_core.shell:Creating environment hook '/home/booster/Workspace/boosterxjw/booster_ros2_example/install/low_level/share/low_level/hook/cmake_prefix_path.sh'
[0.870s] Level 1:colcon.colcon_core.environment:checking '/home/booster/Workspace/boosterxjw/booster_ros2_example/install/low_level/lib'
[0.870s] Level 1:colcon.colcon_core.environment:checking '/home/booster/Workspace/boosterxjw/booster_ros2_example/install/low_level/bin'
[0.870s] Level 1:colcon.colcon_core.environment:checking '/home/booster/Workspace/boosterxjw/booster_ros2_example/install/low_level/lib/pkgconfig/low_level.pc'
[0.871s] Level 1:colcon.colcon_core.environment:checking '/home/booster/Workspace/boosterxjw/booster_ros2_example/install/low_level/lib/python3.10/site-packages'
[0.871s] Level 1:colcon.colcon_core.environment:checking '/home/booster/Workspace/boosterxjw/booster_ros2_example/install/low_level/bin'
[0.872s] INFO:colcon.colcon_core.shell:Creating package script '/home/booster/Workspace/boosterxjw/booster_ros2_example/install/low_level/share/low_level/package.ps1'
[0.873s] INFO:colcon.colcon_core.shell:Creating package descriptor '/home/booster/Workspace/boosterxjw/booster_ros2_example/install/low_level/share/low_level/package.dsv'
[0.873s] INFO:colcon.colcon_core.shell:Creating package script '/home/booster/Workspace/boosterxjw/booster_ros2_example/install/low_level/share/low_level/package.sh'
[0.874s] INFO:colcon.colcon_core.shell:Creating package script '/home/booster/Workspace/boosterxjw/booster_ros2_example/install/low_level/share/low_level/package.bash'
[0.875s] INFO:colcon.colcon_core.shell:Creating package script '/home/booster/Workspace/boosterxjw/booster_ros2_example/install/low_level/share/low_level/package.zsh'
[0.876s] Level 1:colcon.colcon_core.environment:create_file_with_runtime_dependencies(/home/booster/Workspace/boosterxjw/booster_ros2_example/install/low_level/share/colcon-core/packages/low_level)
[14.081s] DEBUG:colcon.colcon_core.event_handler.log_command:Invoked command in '/home/booster/Workspace/boosterxjw/booster_ros2_example/build/booster_rpc_client' returned '2': CMAKE_PREFIX_PATH=${CMAKE_PREFIX_PATH}:/opt/ros/humble /usr/bin/cmake --build /home/booster/Workspace/boosterxjw/booster_ros2_example/build/booster_rpc_client -- -j8 -l8
[14.083s] Level 1:colcon.colcon_core.environment:create_environment_scripts_only(booster_rpc_client)
[14.083s] Level 1:colcon.colcon_core.environment:checking '/home/booster/Workspace/boosterxjw/booster_ros2_example/install/booster_rpc_client' for CMake module files
[14.084s] Level 1:colcon.colcon_core.environment:checking '/home/booster/Workspace/boosterxjw/booster_ros2_example/install/booster_rpc_client' for CMake config files
[14.085s] Level 1:colcon.colcon_core.shell:create_environment_hook('booster_rpc_client', 'cmake_prefix_path')
[14.085s] INFO:colcon.colcon_core.shell:Creating environment hook '/home/booster/Workspace/boosterxjw/booster_ros2_example/install/booster_rpc_client/share/booster_rpc_client/hook/cmake_prefix_path.ps1'
[14.086s] INFO:colcon.colcon_core.shell:Creating environment descriptor '/home/booster/Workspace/boosterxjw/booster_ros2_example/install/booster_rpc_client/share/booster_rpc_client/hook/cmake_prefix_path.dsv'
[14.087s] INFO:colcon.colcon_core.shell:Creating environment hook '/home/booster/Workspace/boosterxjw/booster_ros2_example/install/booster_rpc_client/share/booster_rpc_client/hook/cmake_prefix_path.sh'
[14.089s] Level 1:colcon.colcon_core.environment:checking '/home/booster/Workspace/boosterxjw/booster_ros2_example/install/booster_rpc_client/lib'
[14.089s] Level 1:colcon.colcon_core.environment:checking '/home/booster/Workspace/boosterxjw/booster_ros2_example/install/booster_rpc_client/bin'
[14.089s] Level 1:colcon.colcon_core.environment:checking '/home/booster/Workspace/boosterxjw/booster_ros2_example/install/booster_rpc_client/lib/pkgconfig/booster_rpc_client.pc'
[14.091s] Level 1:colcon.colcon_core.environment:checking '/home/booster/Workspace/boosterxjw/booster_ros2_example/install/booster_rpc_client/lib/python3.10/site-packages'
[14.091s] Level 1:colcon.colcon_core.environment:checking '/home/booster/Workspace/boosterxjw/booster_ros2_example/install/booster_rpc_client/bin'
[14.092s] INFO:colcon.colcon_core.shell:Creating package script '/home/booster/Workspace/boosterxjw/booster_ros2_example/install/booster_rpc_client/share/booster_rpc_client/package.ps1'
[14.093s] INFO:colcon.colcon_core.shell:Creating package descriptor '/home/booster/Workspace/boosterxjw/booster_ros2_example/install/booster_rpc_client/share/booster_rpc_client/package.dsv'
[14.094s] INFO:colcon.colcon_core.shell:Creating package script '/home/booster/Workspace/boosterxjw/booster_ros2_example/install/booster_rpc_client/share/booster_rpc_client/package.sh'
[14.095s] INFO:colcon.colcon_core.shell:Creating package script '/home/booster/Workspace/boosterxjw/booster_ros2_example/install/booster_rpc_client/share/booster_rpc_client/package.bash'
[14.097s] INFO:colcon.colcon_core.shell:Creating package script '/home/booster/Workspace/boosterxjw/booster_ros2_example/install/booster_rpc_client/share/booster_rpc_client/package.zsh'
[14.098s] Level 1:colcon.colcon_core.environment:create_file_with_runtime_dependencies(/home/booster/Workspace/boosterxjw/booster_ros2_example/install/booster_rpc_client/share/colcon-core/packages/booster_rpc_client)
[14.109s] DEBUG:colcon.colcon_parallel_executor.executor.parallel:closing loop
[14.109s] DEBUG:colcon.colcon_parallel_executor.executor.parallel:loop closed
[14.109s] DEBUG:colcon.colcon_parallel_executor.executor.parallel:run_until_complete finished with '2'
[14.110s] DEBUG:colcon.colcon_core.event_reactor:joining thread
[14.122s] INFO:colcon.colcon_core.plugin_system:Skipping extension 'colcon_notification.desktop_notification.terminal_notifier': Not used on non-Darwin systems
[14.122s] INFO:colcon.colcon_core.plugin_system:Skipping extension 'colcon_notification.desktop_notification.win32': Not used on non-Windows systems
[14.122s] INFO:colcon.colcon_notification.desktop_notification:Sending desktop notification using 'notify2'
[39.126s] DEBUG:colcon.colcon_notification.desktop_notification.notify2:Failed to initialize notify2: org.freedesktop.DBus.Error.NoReply: Did not receive a reply. Possible causes include: the remote application did not send a reply, the message bus security policy blocked the reply, the reply timeout expired, or the network connection was broken.
[39.127s] DEBUG:colcon.colcon_core.event_reactor:joined thread
[39.127s] INFO:colcon.colcon_core.shell:Creating prefix script '/home/booster/Workspace/boosterxjw/booster_ros2_example/install/local_setup.ps1'
[39.131s] INFO:colcon.colcon_core.shell:Creating prefix util module '/home/booster/Workspace/boosterxjw/booster_ros2_example/install/_local_setup_util_ps1.py'
[39.135s] INFO:colcon.colcon_core.shell:Creating prefix chain script '/home/booster/Workspace/boosterxjw/booster_ros2_example/install/setup.ps1'
[39.139s] INFO:colcon.colcon_core.shell:Creating prefix script '/home/booster/Workspace/boosterxjw/booster_ros2_example/install/local_setup.sh'
[39.140s] INFO:colcon.colcon_core.shell:Creating prefix util module '/home/booster/Workspace/boosterxjw/booster_ros2_example/install/_local_setup_util_sh.py'
[39.142s] INFO:colcon.colcon_core.shell:Creating prefix chain script '/home/booster/Workspace/boosterxjw/booster_ros2_example/install/setup.sh'
[39.144s] INFO:colcon.colcon_core.shell:Creating prefix script '/home/booster/Workspace/boosterxjw/booster_ros2_example/install/local_setup.bash'
[39.145s] INFO:colcon.colcon_core.shell:Creating prefix chain script '/home/booster/Workspace/boosterxjw/booster_ros2_example/install/setup.bash'
[39.148s] INFO:colcon.colcon_core.shell:Creating prefix script '/home/booster/Workspace/boosterxjw/booster_ros2_example/install/local_setup.zsh'
[39.149s] INFO:colcon.colcon_core.shell:Creating prefix chain script '/home/booster/Workspace/boosterxjw/booster_ros2_example/install/setup.zsh'
