[0.174s] DEBUG:colcon:Command line arguments: ['/usr/bin/colcon', 'build']
[0.174s] DEBUG:colcon:Parsed command line arguments: Namespace(log_base=None, log_level=None, verb_name='build', build_base='build', install_base='install', merge_install=False, symlink_install=False, test_result_base=None, continue_on_error=False, executor='parallel', parallel_workers=8, event_handlers=None, ignore_user_meta=False, metas=['./colcon.meta'], base_paths=['.'], packages_ignore=None, packages_ignore_regex=None, paths=None, packages_up_to=None, packages_up_to_regex=None, packages_above=None, packages_above_and_dependencies=None, packages_above_depth=None, packages_select_by_dep=None, packages_skip_by_dep=None, packages_skip_up_to=None, packages_select_build_failed=False, packages_skip_build_finished=False, packages_select_test_failures=False, packages_skip_test_passed=False, packages_select=None, packages_skip=None, packages_select_regex=None, packages_skip_regex=None, packages_start=None, packages_end=None, allow_overriding=[], cmake_args=None, cmake_target=None, cmake_target_skip_unavailable=False, cmake_clean_cache=False, cmake_clean_first=False, cmake_force_configure=False, ament_cmake_args=None, catkin_cmake_args=None, catkin_skip_building_tests=False, verb_parser=<colcon_defaults.argument_parser.defaults.DefaultArgumentsDecorator object at 0xffff8d6d8880>, verb_extension=<colcon_core.verb.build.BuildVerb object at 0xffff8d6d83a0>, main=<bound method BuildVerb.main of <colcon_core.verb.build.BuildVerb object at 0xffff8d6d83a0>>)
[0.456s] Level 1:colcon.colcon_core.package_discovery:discover_packages(colcon_meta) check parameters
[0.457s] Level 1:colcon.colcon_core.package_discovery:discover_packages(recursive) check parameters
[0.457s] Level 1:colcon.colcon_core.package_discovery:discover_packages(ignore) check parameters
[0.457s] Level 1:colcon.colcon_core.package_discovery:discover_packages(path) check parameters
[0.457s] Level 1:colcon.colcon_core.package_discovery:discover_packages(colcon_meta) discover
[0.457s] Level 1:colcon.colcon_core.package_discovery:discover_packages(recursive) discover
[0.457s] INFO:colcon.colcon_core.package_discovery:Crawling recursively for packages in '/home/booster/Workspace/boosterxjw/booster_ros2_example'
[0.457s] Level 1:colcon.colcon_core.package_identification:_identify(.) by extensions ['ignore', 'ignore_ament_install']
[0.457s] Level 1:colcon.colcon_core.package_identification:_identify(.) by extension 'ignore'
[0.458s] Level 1:colcon.colcon_core.package_identification:_identify(.) by extension 'ignore_ament_install'
[0.458s] Level 1:colcon.colcon_core.package_identification:_identify(.) by extensions ['colcon_pkg']
[0.458s] Level 1:colcon.colcon_core.package_identification:_identify(.) by extension 'colcon_pkg'
[0.458s] Level 1:colcon.colcon_core.package_identification:_identify(.) by extensions ['colcon_meta']
[0.458s] Level 1:colcon.colcon_core.package_identification:_identify(.) by extension 'colcon_meta'
[0.458s] Level 1:colcon.colcon_core.package_identification:_identify(.) by extensions ['ros']
[0.458s] Level 1:colcon.colcon_core.package_identification:_identify(.) by extension 'ros'
[0.475s] Level 1:colcon.colcon_core.package_identification:_identify(.) by extensions ['cmake', 'python']
[0.476s] Level 1:colcon.colcon_core.package_identification:_identify(.) by extension 'cmake'
[0.476s] Level 1:colcon.colcon_core.package_identification:_identify(.) by extension 'python'
[0.476s] Level 1:colcon.colcon_core.package_identification:_identify(.) by extensions ['python_setup_py']
[0.476s] Level 1:colcon.colcon_core.package_identification:_identify(.) by extension 'python_setup_py'
[0.476s] Level 1:colcon.colcon_core.package_identification:_identify(build) by extensions ['ignore', 'ignore_ament_install']
[0.476s] Level 1:colcon.colcon_core.package_identification:_identify(build) by extension 'ignore'
[0.477s] Level 1:colcon.colcon_core.package_identification:_identify(build) ignored
[0.477s] Level 1:colcon.colcon_core.package_identification:_identify(install) by extensions ['ignore', 'ignore_ament_install']
[0.477s] Level 1:colcon.colcon_core.package_identification:_identify(install) by extension 'ignore'
[0.477s] Level 1:colcon.colcon_core.package_identification:_identify(install) ignored
[0.477s] Level 1:colcon.colcon_core.package_identification:_identify(log) by extensions ['ignore', 'ignore_ament_install']
[0.477s] Level 1:colcon.colcon_core.package_identification:_identify(log) by extension 'ignore'
[0.478s] Level 1:colcon.colcon_core.package_identification:_identify(log) ignored
[0.478s] Level 1:colcon.colcon_core.package_identification:_identify(low_level) by extensions ['ignore', 'ignore_ament_install']
[0.478s] Level 1:colcon.colcon_core.package_identification:_identify(low_level) by extension 'ignore'
[0.478s] Level 1:colcon.colcon_core.package_identification:_identify(low_level) by extension 'ignore_ament_install'
[0.478s] Level 1:colcon.colcon_core.package_identification:_identify(low_level) by extensions ['colcon_pkg']
[0.478s] Level 1:colcon.colcon_core.package_identification:_identify(low_level) by extension 'colcon_pkg'
[0.478s] Level 1:colcon.colcon_core.package_identification:_identify(low_level) by extensions ['colcon_meta']
[0.478s] Level 1:colcon.colcon_core.package_identification:_identify(low_level) by extension 'colcon_meta'
[0.478s] Level 1:colcon.colcon_core.package_identification:_identify(low_level) by extensions ['ros']
[0.478s] Level 1:colcon.colcon_core.package_identification:_identify(low_level) by extension 'ros'
[0.483s] DEBUG:colcon.colcon_core.package_identification:Package 'low_level' with type 'ros.ament_cmake' and name 'low_level'
[0.483s] Level 1:colcon.colcon_core.package_identification:_identify(rpc_client) by extensions ['ignore', 'ignore_ament_install']
[0.483s] Level 1:colcon.colcon_core.package_identification:_identify(rpc_client) by extension 'ignore'
[0.484s] Level 1:colcon.colcon_core.package_identification:_identify(rpc_client) by extension 'ignore_ament_install'
[0.484s] Level 1:colcon.colcon_core.package_identification:_identify(rpc_client) by extensions ['colcon_pkg']
[0.484s] Level 1:colcon.colcon_core.package_identification:_identify(rpc_client) by extension 'colcon_pkg'
[0.484s] Level 1:colcon.colcon_core.package_identification:_identify(rpc_client) by extensions ['colcon_meta']
[0.484s] Level 1:colcon.colcon_core.package_identification:_identify(rpc_client) by extension 'colcon_meta'
[0.484s] Level 1:colcon.colcon_core.package_identification:_identify(rpc_client) by extensions ['ros']
[0.484s] Level 1:colcon.colcon_core.package_identification:_identify(rpc_client) by extension 'ros'
[0.485s] DEBUG:colcon.colcon_core.package_identification:Package 'rpc_client' with type 'ros.ament_cmake' and name 'booster_rpc_client'
[0.485s] Level 1:colcon.colcon_core.package_discovery:discover_packages(recursive) using defaults
[0.485s] Level 1:colcon.colcon_core.package_discovery:discover_packages(ignore) discover
[0.485s] Level 1:colcon.colcon_core.package_discovery:discover_packages(ignore) using defaults
[0.485s] Level 1:colcon.colcon_core.package_discovery:discover_packages(path) discover
[0.485s] Level 1:colcon.colcon_core.package_discovery:discover_packages(path) using defaults
[0.547s] Level 1:colcon.colcon_core.package_discovery:discover_packages(prefix_path) check parameters
[0.547s] Level 1:colcon.colcon_core.package_discovery:discover_packages(prefix_path) discover
[0.550s] DEBUG:colcon.colcon_installed_package_information.package_discovery:Found 1 installed packages in /home/booster/Workspace/boosterxjw/booster_ros2_interface/install
[0.551s] DEBUG:colcon.colcon_installed_package_information.package_discovery:Found 2 installed packages in /home/booster/Workspace/booster_ros2_example/install
[0.553s] DEBUG:colcon.colcon_installed_package_information.package_discovery:Found 369 installed packages in /opt/ros/humble
[0.556s] Level 1:colcon.colcon_core.package_discovery:discover_packages(prefix_path) using defaults
[0.626s] Level 5:colcon.colcon_core.verb:set package 'booster_rpc_client' build argument 'cmake_args' from command line to 'None'
[0.626s] Level 5:colcon.colcon_core.verb:set package 'booster_rpc_client' build argument 'cmake_target' from command line to 'None'
[0.626s] Level 5:colcon.colcon_core.verb:set package 'booster_rpc_client' build argument 'cmake_target_skip_unavailable' from command line to 'False'
[0.626s] Level 5:colcon.colcon_core.verb:set package 'booster_rpc_client' build argument 'cmake_clean_cache' from command line to 'False'
[0.627s] Level 5:colcon.colcon_core.verb:set package 'booster_rpc_client' build argument 'cmake_clean_first' from command line to 'False'
[0.627s] Level 5:colcon.colcon_core.verb:set package 'booster_rpc_client' build argument 'cmake_force_configure' from command line to 'False'
[0.627s] Level 5:colcon.colcon_core.verb:set package 'booster_rpc_client' build argument 'ament_cmake_args' from command line to 'None'
[0.627s] Level 5:colcon.colcon_core.verb:set package 'booster_rpc_client' build argument 'catkin_cmake_args' from command line to 'None'
[0.627s] Level 5:colcon.colcon_core.verb:set package 'booster_rpc_client' build argument 'catkin_skip_building_tests' from command line to 'False'
[0.627s] DEBUG:colcon.colcon_core.verb:Building package 'booster_rpc_client' with the following arguments: {'ament_cmake_args': None, 'build_base': '/home/booster/Workspace/boosterxjw/booster_ros2_example/build/booster_rpc_client', 'catkin_cmake_args': None, 'catkin_skip_building_tests': False, 'cmake_args': None, 'cmake_clean_cache': False, 'cmake_clean_first': False, 'cmake_force_configure': False, 'cmake_target': None, 'cmake_target_skip_unavailable': False, 'install_base': '/home/booster/Workspace/boosterxjw/booster_ros2_example/install/booster_rpc_client', 'merge_install': False, 'path': '/home/booster/Workspace/boosterxjw/booster_ros2_example/rpc_client', 'symlink_install': False, 'test_result_base': None}
[0.627s] Level 5:colcon.colcon_core.verb:set package 'low_level' build argument 'cmake_args' from command line to 'None'
[0.627s] Level 5:colcon.colcon_core.verb:set package 'low_level' build argument 'cmake_target' from command line to 'None'
[0.627s] Level 5:colcon.colcon_core.verb:set package 'low_level' build argument 'cmake_target_skip_unavailable' from command line to 'False'
[0.627s] Level 5:colcon.colcon_core.verb:set package 'low_level' build argument 'cmake_clean_cache' from command line to 'False'
[0.627s] Level 5:colcon.colcon_core.verb:set package 'low_level' build argument 'cmake_clean_first' from command line to 'False'
[0.627s] Level 5:colcon.colcon_core.verb:set package 'low_level' build argument 'cmake_force_configure' from command line to 'False'
[0.627s] Level 5:colcon.colcon_core.verb:set package 'low_level' build argument 'ament_cmake_args' from command line to 'None'
[0.628s] Level 5:colcon.colcon_core.verb:set package 'low_level' build argument 'catkin_cmake_args' from command line to 'None'
[0.628s] Level 5:colcon.colcon_core.verb:set package 'low_level' build argument 'catkin_skip_building_tests' from command line to 'False'
[0.628s] DEBUG:colcon.colcon_core.verb:Building package 'low_level' with the following arguments: {'ament_cmake_args': None, 'build_base': '/home/booster/Workspace/boosterxjw/booster_ros2_example/build/low_level', 'catkin_cmake_args': None, 'catkin_skip_building_tests': False, 'cmake_args': None, 'cmake_clean_cache': False, 'cmake_clean_first': False, 'cmake_force_configure': False, 'cmake_target': None, 'cmake_target_skip_unavailable': False, 'install_base': '/home/booster/Workspace/boosterxjw/booster_ros2_example/install/low_level', 'merge_install': False, 'path': '/home/booster/Workspace/boosterxjw/booster_ros2_example/low_level', 'symlink_install': False, 'test_result_base': None}
[0.628s] INFO:colcon.colcon_core.executor:Executing jobs using 'parallel' executor
[0.630s] DEBUG:colcon.colcon_parallel_executor.executor.parallel:run_until_complete
[0.631s] INFO:colcon.colcon_ros.task.ament_cmake.build:Building ROS package in '/home/booster/Workspace/boosterxjw/booster_ros2_example/rpc_client' with build type 'ament_cmake'
[0.631s] INFO:colcon.colcon_cmake.task.cmake.build:Building CMake package in '/home/booster/Workspace/boosterxjw/booster_ros2_example/rpc_client'
[0.635s] INFO:colcon.colcon_core.plugin_system:Skipping extension 'colcon_core.shell.bat': Not used on non-Windows systems
[0.635s] INFO:colcon.colcon_core.shell:Skip shell extension 'powershell' for command environment: Not usable outside of PowerShell
[0.635s] DEBUG:colcon.colcon_core.shell:Skip shell extension 'dsv' for command environment
[0.642s] INFO:colcon.colcon_ros.task.ament_cmake.build:Building ROS package in '/home/booster/Workspace/boosterxjw/booster_ros2_example/low_level' with build type 'ament_cmake'
[0.642s] INFO:colcon.colcon_cmake.task.cmake.build:Building CMake package in '/home/booster/Workspace/boosterxjw/booster_ros2_example/low_level'
[0.643s] INFO:colcon.colcon_core.shell:Skip shell extension 'powershell' for command environment: Not usable outside of PowerShell
[0.643s] DEBUG:colcon.colcon_core.shell:Skip shell extension 'dsv' for command environment
[0.654s] DEBUG:colcon.colcon_core.event_handler.log_command:Invoking command in '/home/booster/Workspace/boosterxjw/booster_ros2_example/build/booster_rpc_client': CMAKE_PREFIX_PATH=${CMAKE_PREFIX_PATH}:/opt/ros/humble /usr/bin/cmake /home/booster/Workspace/boosterxjw/booster_ros2_example/rpc_client -DCMAKE_INSTALL_PREFIX=/home/booster/Workspace/boosterxjw/booster_ros2_example/install/booster_rpc_client
[0.662s] DEBUG:colcon.colcon_core.event_handler.log_command:Invoking command in '/home/booster/Workspace/boosterxjw/booster_ros2_example/build/low_level': CMAKE_PREFIX_PATH=${CMAKE_PREFIX_PATH}:/opt/ros/humble /usr/bin/cmake /home/booster/Workspace/boosterxjw/booster_ros2_example/low_level -DCMAKE_INSTALL_PREFIX=/home/booster/Workspace/boosterxjw/booster_ros2_example/install/low_level
[2.802s] DEBUG:colcon.colcon_core.event_handler.log_command:Invoked command in '/home/booster/Workspace/boosterxjw/booster_ros2_example/build/low_level' returned '0': CMAKE_PREFIX_PATH=${CMAKE_PREFIX_PATH}:/opt/ros/humble /usr/bin/cmake /home/booster/Workspace/boosterxjw/booster_ros2_example/low_level -DCMAKE_INSTALL_PREFIX=/home/booster/Workspace/boosterxjw/booster_ros2_example/install/low_level
[2.807s] DEBUG:colcon.colcon_core.event_handler.log_command:Invoking command in '/home/booster/Workspace/boosterxjw/booster_ros2_example/build/low_level': CMAKE_PREFIX_PATH=${CMAKE_PREFIX_PATH}:/opt/ros/humble /usr/bin/cmake --build /home/booster/Workspace/boosterxjw/booster_ros2_example/build/low_level -- -j8 -l8
[2.834s] DEBUG:colcon.colcon_core.event_handler.log_command:Invoked command in '/home/booster/Workspace/boosterxjw/booster_ros2_example/build/booster_rpc_client' returned '0': CMAKE_PREFIX_PATH=${CMAKE_PREFIX_PATH}:/opt/ros/humble /usr/bin/cmake /home/booster/Workspace/boosterxjw/booster_ros2_example/rpc_client -DCMAKE_INSTALL_PREFIX=/home/booster/Workspace/boosterxjw/booster_ros2_example/install/booster_rpc_client
[2.839s] DEBUG:colcon.colcon_core.event_handler.log_command:Invoking command in '/home/booster/Workspace/boosterxjw/booster_ros2_example/build/booster_rpc_client': CMAKE_PREFIX_PATH=${CMAKE_PREFIX_PATH}:/opt/ros/humble /usr/bin/cmake --build /home/booster/Workspace/boosterxjw/booster_ros2_example/build/booster_rpc_client -- -j8 -l8
[13.542s] DEBUG:colcon.colcon_core.event_handler.log_command:Invoked command in '/home/booster/Workspace/boosterxjw/booster_ros2_example/build/booster_rpc_client' returned '0': CMAKE_PREFIX_PATH=${CMAKE_PREFIX_PATH}:/opt/ros/humble /usr/bin/cmake --build /home/booster/Workspace/boosterxjw/booster_ros2_example/build/booster_rpc_client -- -j8 -l8
[13.562s] DEBUG:colcon.colcon_core.event_handler.log_command:Invoking command in '/home/booster/Workspace/boosterxjw/booster_ros2_example/build/booster_rpc_client': CMAKE_PREFIX_PATH=${CMAKE_PREFIX_PATH}:/opt/ros/humble /usr/bin/cmake --install /home/booster/Workspace/boosterxjw/booster_ros2_example/build/booster_rpc_client
[13.588s] Level 1:colcon.colcon_core.environment:create_environment_scripts_only(booster_rpc_client)
[13.592s] DEBUG:colcon.colcon_core.event_handler.log_command:Invoked command in '/home/booster/Workspace/boosterxjw/booster_ros2_example/build/booster_rpc_client' returned '0': CMAKE_PREFIX_PATH=${CMAKE_PREFIX_PATH}:/opt/ros/humble /usr/bin/cmake --install /home/booster/Workspace/boosterxjw/booster_ros2_example/build/booster_rpc_client
[13.595s] Level 1:colcon.colcon_core.environment:checking '/home/booster/Workspace/boosterxjw/booster_ros2_example/install/booster_rpc_client' for CMake module files
[13.596s] Level 1:colcon.colcon_core.environment:checking '/home/booster/Workspace/boosterxjw/booster_ros2_example/install/booster_rpc_client' for CMake config files
[13.597s] Level 1:colcon.colcon_core.shell:create_environment_hook('booster_rpc_client', 'cmake_prefix_path')
[13.597s] INFO:colcon.colcon_core.shell:Creating environment hook '/home/booster/Workspace/boosterxjw/booster_ros2_example/install/booster_rpc_client/share/booster_rpc_client/hook/cmake_prefix_path.ps1'
[13.598s] INFO:colcon.colcon_core.shell:Creating environment descriptor '/home/booster/Workspace/boosterxjw/booster_ros2_example/install/booster_rpc_client/share/booster_rpc_client/hook/cmake_prefix_path.dsv'
[13.599s] INFO:colcon.colcon_core.shell:Creating environment hook '/home/booster/Workspace/boosterxjw/booster_ros2_example/install/booster_rpc_client/share/booster_rpc_client/hook/cmake_prefix_path.sh'
[13.601s] Level 1:colcon.colcon_core.environment:checking '/home/booster/Workspace/boosterxjw/booster_ros2_example/install/booster_rpc_client/lib'
[13.601s] Level 1:colcon.colcon_core.environment:checking '/home/booster/Workspace/boosterxjw/booster_ros2_example/install/booster_rpc_client/bin'
[13.601s] Level 1:colcon.colcon_core.environment:checking '/home/booster/Workspace/boosterxjw/booster_ros2_example/install/booster_rpc_client/lib/pkgconfig/booster_rpc_client.pc'
[13.602s] Level 1:colcon.colcon_core.environment:checking '/home/booster/Workspace/boosterxjw/booster_ros2_example/install/booster_rpc_client/lib/python3.10/site-packages'
[13.602s] Level 1:colcon.colcon_core.environment:checking '/home/booster/Workspace/boosterxjw/booster_ros2_example/install/booster_rpc_client/bin'
[13.603s] INFO:colcon.colcon_core.shell:Creating package script '/home/booster/Workspace/boosterxjw/booster_ros2_example/install/booster_rpc_client/share/booster_rpc_client/package.ps1'
[13.604s] INFO:colcon.colcon_core.shell:Creating package descriptor '/home/booster/Workspace/boosterxjw/booster_ros2_example/install/booster_rpc_client/share/booster_rpc_client/package.dsv'
[13.605s] INFO:colcon.colcon_core.shell:Creating package script '/home/booster/Workspace/boosterxjw/booster_ros2_example/install/booster_rpc_client/share/booster_rpc_client/package.sh'
[13.607s] INFO:colcon.colcon_core.shell:Creating package script '/home/booster/Workspace/boosterxjw/booster_ros2_example/install/booster_rpc_client/share/booster_rpc_client/package.bash'
[13.609s] INFO:colcon.colcon_core.shell:Creating package script '/home/booster/Workspace/boosterxjw/booster_ros2_example/install/booster_rpc_client/share/booster_rpc_client/package.zsh'
[13.610s] Level 1:colcon.colcon_core.environment:create_file_with_runtime_dependencies(/home/booster/Workspace/boosterxjw/booster_ros2_example/install/booster_rpc_client/share/colcon-core/packages/booster_rpc_client)
[13.611s] Level 1:colcon.colcon_core.environment:create_environment_scripts_only(booster_rpc_client)
[13.611s] Level 1:colcon.colcon_core.environment:checking '/home/booster/Workspace/boosterxjw/booster_ros2_example/install/booster_rpc_client' for CMake module files
[13.612s] Level 1:colcon.colcon_core.environment:checking '/home/booster/Workspace/boosterxjw/booster_ros2_example/install/booster_rpc_client' for CMake config files
[13.613s] Level 1:colcon.colcon_core.shell:create_environment_hook('booster_rpc_client', 'cmake_prefix_path')
[13.613s] INFO:colcon.colcon_core.shell:Creating environment hook '/home/booster/Workspace/boosterxjw/booster_ros2_example/install/booster_rpc_client/share/booster_rpc_client/hook/cmake_prefix_path.ps1'
[13.614s] INFO:colcon.colcon_core.shell:Creating environment descriptor '/home/booster/Workspace/boosterxjw/booster_ros2_example/install/booster_rpc_client/share/booster_rpc_client/hook/cmake_prefix_path.dsv'
[13.615s] INFO:colcon.colcon_core.shell:Creating environment hook '/home/booster/Workspace/boosterxjw/booster_ros2_example/install/booster_rpc_client/share/booster_rpc_client/hook/cmake_prefix_path.sh'
[13.616s] Level 1:colcon.colcon_core.environment:checking '/home/booster/Workspace/boosterxjw/booster_ros2_example/install/booster_rpc_client/lib'
[13.616s] Level 1:colcon.colcon_core.environment:checking '/home/booster/Workspace/boosterxjw/booster_ros2_example/install/booster_rpc_client/bin'
[13.616s] Level 1:colcon.colcon_core.environment:checking '/home/booster/Workspace/boosterxjw/booster_ros2_example/install/booster_rpc_client/lib/pkgconfig/booster_rpc_client.pc'
[13.616s] Level 1:colcon.colcon_core.environment:checking '/home/booster/Workspace/boosterxjw/booster_ros2_example/install/booster_rpc_client/lib/python3.10/site-packages'
[13.617s] Level 1:colcon.colcon_core.environment:checking '/home/booster/Workspace/boosterxjw/booster_ros2_example/install/booster_rpc_client/bin'
[13.617s] INFO:colcon.colcon_core.shell:Creating package script '/home/booster/Workspace/boosterxjw/booster_ros2_example/install/booster_rpc_client/share/booster_rpc_client/package.ps1'
[13.618s] INFO:colcon.colcon_core.shell:Creating package descriptor '/home/booster/Workspace/boosterxjw/booster_ros2_example/install/booster_rpc_client/share/booster_rpc_client/package.dsv'
[13.619s] INFO:colcon.colcon_core.shell:Creating package script '/home/booster/Workspace/boosterxjw/booster_ros2_example/install/booster_rpc_client/share/booster_rpc_client/package.sh'
[13.620s] INFO:colcon.colcon_core.shell:Creating package script '/home/booster/Workspace/boosterxjw/booster_ros2_example/install/booster_rpc_client/share/booster_rpc_client/package.bash'
[13.621s] INFO:colcon.colcon_core.shell:Creating package script '/home/booster/Workspace/boosterxjw/booster_ros2_example/install/booster_rpc_client/share/booster_rpc_client/package.zsh'
[13.621s] Level 1:colcon.colcon_core.environment:create_file_with_runtime_dependencies(/home/booster/Workspace/boosterxjw/booster_ros2_example/install/booster_rpc_client/share/colcon-core/packages/booster_rpc_client)
[19.035s] DEBUG:colcon.colcon_core.event_handler.log_command:Invoked command in '/home/booster/Workspace/boosterxjw/booster_ros2_example/build/low_level' returned '0': CMAKE_PREFIX_PATH=${CMAKE_PREFIX_PATH}:/opt/ros/humble /usr/bin/cmake --build /home/booster/Workspace/boosterxjw/booster_ros2_example/build/low_level -- -j8 -l8
[19.039s] DEBUG:colcon.colcon_core.event_handler.log_command:Invoking command in '/home/booster/Workspace/boosterxjw/booster_ros2_example/build/low_level': CMAKE_PREFIX_PATH=${CMAKE_PREFIX_PATH}:/opt/ros/humble /usr/bin/cmake --install /home/booster/Workspace/boosterxjw/booster_ros2_example/build/low_level
[19.076s] Level 1:colcon.colcon_core.environment:create_environment_scripts_only(low_level)
[19.077s] Level 1:colcon.colcon_core.environment:checking '/home/booster/Workspace/boosterxjw/booster_ros2_example/install/low_level' for CMake module files
[19.079s] DEBUG:colcon.colcon_core.event_handler.log_command:Invoked command in '/home/booster/Workspace/boosterxjw/booster_ros2_example/build/low_level' returned '0': CMAKE_PREFIX_PATH=${CMAKE_PREFIX_PATH}:/opt/ros/humble /usr/bin/cmake --install /home/booster/Workspace/boosterxjw/booster_ros2_example/build/low_level
[19.080s] Level 1:colcon.colcon_core.environment:checking '/home/booster/Workspace/boosterxjw/booster_ros2_example/install/low_level' for CMake config files
[19.080s] Level 1:colcon.colcon_core.shell:create_environment_hook('low_level', 'cmake_prefix_path')
[19.081s] INFO:colcon.colcon_core.shell:Creating environment hook '/home/booster/Workspace/boosterxjw/booster_ros2_example/install/low_level/share/low_level/hook/cmake_prefix_path.ps1'
[19.083s] INFO:colcon.colcon_core.shell:Creating environment descriptor '/home/booster/Workspace/boosterxjw/booster_ros2_example/install/low_level/share/low_level/hook/cmake_prefix_path.dsv'
[19.084s] INFO:colcon.colcon_core.shell:Creating environment hook '/home/booster/Workspace/boosterxjw/booster_ros2_example/install/low_level/share/low_level/hook/cmake_prefix_path.sh'
[19.086s] Level 1:colcon.colcon_core.environment:checking '/home/booster/Workspace/boosterxjw/booster_ros2_example/install/low_level/lib'
[19.086s] Level 1:colcon.colcon_core.environment:checking '/home/booster/Workspace/boosterxjw/booster_ros2_example/install/low_level/bin'
[19.086s] Level 1:colcon.colcon_core.environment:checking '/home/booster/Workspace/boosterxjw/booster_ros2_example/install/low_level/lib/pkgconfig/low_level.pc'
[19.086s] Level 1:colcon.colcon_core.environment:checking '/home/booster/Workspace/boosterxjw/booster_ros2_example/install/low_level/lib/python3.10/site-packages'
[19.087s] Level 1:colcon.colcon_core.environment:checking '/home/booster/Workspace/boosterxjw/booster_ros2_example/install/low_level/bin'
[19.088s] INFO:colcon.colcon_core.shell:Creating package script '/home/booster/Workspace/boosterxjw/booster_ros2_example/install/low_level/share/low_level/package.ps1'
[19.089s] INFO:colcon.colcon_core.shell:Creating package descriptor '/home/booster/Workspace/boosterxjw/booster_ros2_example/install/low_level/share/low_level/package.dsv'
[19.091s] INFO:colcon.colcon_core.shell:Creating package script '/home/booster/Workspace/boosterxjw/booster_ros2_example/install/low_level/share/low_level/package.sh'
[19.091s] INFO:colcon.colcon_core.shell:Creating package script '/home/booster/Workspace/boosterxjw/booster_ros2_example/install/low_level/share/low_level/package.bash'
[19.092s] INFO:colcon.colcon_core.shell:Creating package script '/home/booster/Workspace/boosterxjw/booster_ros2_example/install/low_level/share/low_level/package.zsh'
[19.092s] Level 1:colcon.colcon_core.environment:create_file_with_runtime_dependencies(/home/booster/Workspace/boosterxjw/booster_ros2_example/install/low_level/share/colcon-core/packages/low_level)
[19.093s] Level 1:colcon.colcon_core.environment:create_environment_scripts_only(low_level)
[19.094s] Level 1:colcon.colcon_core.environment:checking '/home/booster/Workspace/boosterxjw/booster_ros2_example/install/low_level' for CMake module files
[19.095s] Level 1:colcon.colcon_core.environment:checking '/home/booster/Workspace/boosterxjw/booster_ros2_example/install/low_level' for CMake config files
[19.095s] Level 1:colcon.colcon_core.shell:create_environment_hook('low_level', 'cmake_prefix_path')
[19.096s] INFO:colcon.colcon_core.shell:Creating environment hook '/home/booster/Workspace/boosterxjw/booster_ros2_example/install/low_level/share/low_level/hook/cmake_prefix_path.ps1'
[19.098s] INFO:colcon.colcon_core.shell:Creating environment descriptor '/home/booster/Workspace/boosterxjw/booster_ros2_example/install/low_level/share/low_level/hook/cmake_prefix_path.dsv'
[19.099s] INFO:colcon.colcon_core.shell:Creating environment hook '/home/booster/Workspace/boosterxjw/booster_ros2_example/install/low_level/share/low_level/hook/cmake_prefix_path.sh'
[19.101s] Level 1:colcon.colcon_core.environment:checking '/home/booster/Workspace/boosterxjw/booster_ros2_example/install/low_level/lib'
[19.101s] Level 1:colcon.colcon_core.environment:checking '/home/booster/Workspace/boosterxjw/booster_ros2_example/install/low_level/bin'
[19.101s] Level 1:colcon.colcon_core.environment:checking '/home/booster/Workspace/boosterxjw/booster_ros2_example/install/low_level/lib/pkgconfig/low_level.pc'
[19.102s] Level 1:colcon.colcon_core.environment:checking '/home/booster/Workspace/boosterxjw/booster_ros2_example/install/low_level/lib/python3.10/site-packages'
[19.103s] Level 1:colcon.colcon_core.environment:checking '/home/booster/Workspace/boosterxjw/booster_ros2_example/install/low_level/bin'
[19.103s] INFO:colcon.colcon_core.shell:Creating package script '/home/booster/Workspace/boosterxjw/booster_ros2_example/install/low_level/share/low_level/package.ps1'
[19.104s] INFO:colcon.colcon_core.shell:Creating package descriptor '/home/booster/Workspace/boosterxjw/booster_ros2_example/install/low_level/share/low_level/package.dsv'
[19.105s] INFO:colcon.colcon_core.shell:Creating package script '/home/booster/Workspace/boosterxjw/booster_ros2_example/install/low_level/share/low_level/package.sh'
[19.107s] INFO:colcon.colcon_core.shell:Creating package script '/home/booster/Workspace/boosterxjw/booster_ros2_example/install/low_level/share/low_level/package.bash'
[19.108s] INFO:colcon.colcon_core.shell:Creating package script '/home/booster/Workspace/boosterxjw/booster_ros2_example/install/low_level/share/low_level/package.zsh'
[19.110s] Level 1:colcon.colcon_core.environment:create_file_with_runtime_dependencies(/home/booster/Workspace/boosterxjw/booster_ros2_example/install/low_level/share/colcon-core/packages/low_level)
[19.111s] DEBUG:colcon.colcon_parallel_executor.executor.parallel:closing loop
[19.111s] DEBUG:colcon.colcon_parallel_executor.executor.parallel:loop closed
[19.111s] DEBUG:colcon.colcon_parallel_executor.executor.parallel:run_until_complete finished with '0'
[19.112s] DEBUG:colcon.colcon_core.event_reactor:joining thread
[19.125s] INFO:colcon.colcon_core.plugin_system:Skipping extension 'colcon_notification.desktop_notification.terminal_notifier': Not used on non-Darwin systems
[19.126s] INFO:colcon.colcon_core.plugin_system:Skipping extension 'colcon_notification.desktop_notification.win32': Not used on non-Windows systems
[19.126s] INFO:colcon.colcon_notification.desktop_notification:Sending desktop notification using 'notify2'
[40.884s] DEBUG:colcon.colcon_notification.desktop_notification.notify2:Failed to initialize notify2: org.freedesktop.DBus.Error.TimedOut: Failed to activate service 'org.freedesktop.Notifications': timed out (service_start_timeout=120000ms)
[40.885s] DEBUG:colcon.colcon_core.event_reactor:joined thread
[40.886s] INFO:colcon.colcon_core.shell:Creating prefix script '/home/booster/Workspace/boosterxjw/booster_ros2_example/install/local_setup.ps1'
[40.889s] INFO:colcon.colcon_core.shell:Creating prefix util module '/home/booster/Workspace/boosterxjw/booster_ros2_example/install/_local_setup_util_ps1.py'
[40.892s] INFO:colcon.colcon_core.shell:Creating prefix chain script '/home/booster/Workspace/boosterxjw/booster_ros2_example/install/setup.ps1'
[40.895s] INFO:colcon.colcon_core.shell:Creating prefix script '/home/booster/Workspace/boosterxjw/booster_ros2_example/install/local_setup.sh'
[40.897s] INFO:colcon.colcon_core.shell:Creating prefix util module '/home/booster/Workspace/boosterxjw/booster_ros2_example/install/_local_setup_util_sh.py'
[40.898s] INFO:colcon.colcon_core.shell:Creating prefix chain script '/home/booster/Workspace/boosterxjw/booster_ros2_example/install/setup.sh'
[40.903s] INFO:colcon.colcon_core.shell:Creating prefix script '/home/booster/Workspace/boosterxjw/booster_ros2_example/install/local_setup.bash'
[40.903s] INFO:colcon.colcon_core.shell:Creating prefix chain script '/home/booster/Workspace/boosterxjw/booster_ros2_example/install/setup.bash'
[40.905s] INFO:colcon.colcon_core.shell:Creating prefix script '/home/booster/Workspace/boosterxjw/booster_ros2_example/install/local_setup.zsh'
[40.906s] INFO:colcon.colcon_core.shell:Creating prefix chain script '/home/booster/Workspace/boosterxjw/booster_ros2_example/install/setup.zsh'
