[0.177s] DEBUG:colcon:Command line arguments: ['/usr/bin/colcon', 'build']
[0.177s] DEBUG:colcon:Parsed command line arguments: Namespace(log_base=None, log_level=None, verb_name='build', build_base='build', install_base='install', merge_install=False, symlink_install=False, test_result_base=None, continue_on_error=False, executor='parallel', parallel_workers=8, event_handlers=None, ignore_user_meta=False, metas=['./colcon.meta'], base_paths=['.'], packages_ignore=None, packages_ignore_regex=None, paths=None, packages_up_to=None, packages_up_to_regex=None, packages_above=None, packages_above_and_dependencies=None, packages_above_depth=None, packages_select_by_dep=None, packages_skip_by_dep=None, packages_skip_up_to=None, packages_select_build_failed=False, packages_skip_build_finished=False, packages_select_test_failures=False, packages_skip_test_passed=False, packages_select=None, packages_skip=None, packages_select_regex=None, packages_skip_regex=None, packages_start=None, packages_end=None, allow_overriding=[], cmake_args=None, cmake_target=None, cmake_target_skip_unavailable=False, cmake_clean_cache=False, cmake_clean_first=False, cmake_force_configure=False, ament_cmake_args=None, catkin_cmake_args=None, catkin_skip_building_tests=False, verb_parser=<colcon_defaults.argument_parser.defaults.DefaultArgumentsDecorator object at 0xffff83688610>, verb_extension=<colcon_core.verb.build.BuildVerb object at 0xffff83688130>, main=<bound method BuildVerb.main of <colcon_core.verb.build.BuildVerb object at 0xffff83688130>>)
[0.454s] Level 1:colcon.colcon_core.package_discovery:discover_packages(colcon_meta) check parameters
[0.454s] Level 1:colcon.colcon_core.package_discovery:discover_packages(recursive) check parameters
[0.454s] Level 1:colcon.colcon_core.package_discovery:discover_packages(ignore) check parameters
[0.454s] Level 1:colcon.colcon_core.package_discovery:discover_packages(path) check parameters
[0.454s] Level 1:colcon.colcon_core.package_discovery:discover_packages(colcon_meta) discover
[0.454s] Level 1:colcon.colcon_core.package_discovery:discover_packages(recursive) discover
[0.454s] INFO:colcon.colcon_core.package_discovery:Crawling recursively for packages in '/home/booster/Workspace/boosterxjw/booster_ros2_example'
[0.455s] Level 1:colcon.colcon_core.package_identification:_identify(.) by extensions ['ignore', 'ignore_ament_install']
[0.455s] Level 1:colcon.colcon_core.package_identification:_identify(.) by extension 'ignore'
[0.455s] Level 1:colcon.colcon_core.package_identification:_identify(.) by extension 'ignore_ament_install'
[0.455s] Level 1:colcon.colcon_core.package_identification:_identify(.) by extensions ['colcon_pkg']
[0.455s] Level 1:colcon.colcon_core.package_identification:_identify(.) by extension 'colcon_pkg'
[0.455s] Level 1:colcon.colcon_core.package_identification:_identify(.) by extensions ['colcon_meta']
[0.455s] Level 1:colcon.colcon_core.package_identification:_identify(.) by extension 'colcon_meta'
[0.455s] Level 1:colcon.colcon_core.package_identification:_identify(.) by extensions ['ros']
[0.455s] Level 1:colcon.colcon_core.package_identification:_identify(.) by extension 'ros'
[0.473s] Level 1:colcon.colcon_core.package_identification:_identify(.) by extensions ['cmake', 'python']
[0.473s] Level 1:colcon.colcon_core.package_identification:_identify(.) by extension 'cmake'
[0.474s] Level 1:colcon.colcon_core.package_identification:_identify(.) by extension 'python'
[0.474s] Level 1:colcon.colcon_core.package_identification:_identify(.) by extensions ['python_setup_py']
[0.474s] Level 1:colcon.colcon_core.package_identification:_identify(.) by extension 'python_setup_py'
[0.474s] Level 1:colcon.colcon_core.package_identification:_identify(build) by extensions ['ignore', 'ignore_ament_install']
[0.474s] Level 1:colcon.colcon_core.package_identification:_identify(build) by extension 'ignore'
[0.474s] Level 1:colcon.colcon_core.package_identification:_identify(build) ignored
[0.475s] Level 1:colcon.colcon_core.package_identification:_identify(install) by extensions ['ignore', 'ignore_ament_install']
[0.475s] Level 1:colcon.colcon_core.package_identification:_identify(install) by extension 'ignore'
[0.475s] Level 1:colcon.colcon_core.package_identification:_identify(install) ignored
[0.475s] Level 1:colcon.colcon_core.package_identification:_identify(log) by extensions ['ignore', 'ignore_ament_install']
[0.475s] Level 1:colcon.colcon_core.package_identification:_identify(log) by extension 'ignore'
[0.475s] Level 1:colcon.colcon_core.package_identification:_identify(log) ignored
[0.475s] Level 1:colcon.colcon_core.package_identification:_identify(low_level) by extensions ['ignore', 'ignore_ament_install']
[0.476s] Level 1:colcon.colcon_core.package_identification:_identify(low_level) by extension 'ignore'
[0.476s] Level 1:colcon.colcon_core.package_identification:_identify(low_level) by extension 'ignore_ament_install'
[0.476s] Level 1:colcon.colcon_core.package_identification:_identify(low_level) by extensions ['colcon_pkg']
[0.476s] Level 1:colcon.colcon_core.package_identification:_identify(low_level) by extension 'colcon_pkg'
[0.476s] Level 1:colcon.colcon_core.package_identification:_identify(low_level) by extensions ['colcon_meta']
[0.476s] Level 1:colcon.colcon_core.package_identification:_identify(low_level) by extension 'colcon_meta'
[0.476s] Level 1:colcon.colcon_core.package_identification:_identify(low_level) by extensions ['ros']
[0.476s] Level 1:colcon.colcon_core.package_identification:_identify(low_level) by extension 'ros'
[0.480s] DEBUG:colcon.colcon_core.package_identification:Package 'low_level' with type 'ros.ament_cmake' and name 'low_level'
[0.481s] Level 1:colcon.colcon_core.package_identification:_identify(rpc_client) by extensions ['ignore', 'ignore_ament_install']
[0.481s] Level 1:colcon.colcon_core.package_identification:_identify(rpc_client) by extension 'ignore'
[0.481s] Level 1:colcon.colcon_core.package_identification:_identify(rpc_client) by extension 'ignore_ament_install'
[0.481s] Level 1:colcon.colcon_core.package_identification:_identify(rpc_client) by extensions ['colcon_pkg']
[0.482s] Level 1:colcon.colcon_core.package_identification:_identify(rpc_client) by extension 'colcon_pkg'
[0.482s] Level 1:colcon.colcon_core.package_identification:_identify(rpc_client) by extensions ['colcon_meta']
[0.482s] Level 1:colcon.colcon_core.package_identification:_identify(rpc_client) by extension 'colcon_meta'
[0.482s] Level 1:colcon.colcon_core.package_identification:_identify(rpc_client) by extensions ['ros']
[0.482s] Level 1:colcon.colcon_core.package_identification:_identify(rpc_client) by extension 'ros'
[0.483s] DEBUG:colcon.colcon_core.package_identification:Package 'rpc_client' with type 'ros.ament_cmake' and name 'booster_rpc_client'
[0.483s] Level 1:colcon.colcon_core.package_discovery:discover_packages(recursive) using defaults
[0.483s] Level 1:colcon.colcon_core.package_discovery:discover_packages(ignore) discover
[0.483s] Level 1:colcon.colcon_core.package_discovery:discover_packages(ignore) using defaults
[0.483s] Level 1:colcon.colcon_core.package_discovery:discover_packages(path) discover
[0.483s] Level 1:colcon.colcon_core.package_discovery:discover_packages(path) using defaults
[0.546s] Level 1:colcon.colcon_core.package_discovery:discover_packages(prefix_path) check parameters
[0.547s] Level 1:colcon.colcon_core.package_discovery:discover_packages(prefix_path) discover
[0.550s] DEBUG:colcon.colcon_installed_package_information.package_discovery:Found 2 installed packages in /home/booster/Workspace/boosterxjw/booster_ros2_example/install
[0.552s] DEBUG:colcon.colcon_installed_package_information.package_discovery:Found 369 installed packages in /opt/ros/humble
[0.555s] Level 1:colcon.colcon_core.package_discovery:discover_packages(prefix_path) using defaults
[0.628s] Level 5:colcon.colcon_core.verb:set package 'booster_rpc_client' build argument 'cmake_args' from command line to 'None'
[0.628s] Level 5:colcon.colcon_core.verb:set package 'booster_rpc_client' build argument 'cmake_target' from command line to 'None'
[0.628s] Level 5:colcon.colcon_core.verb:set package 'booster_rpc_client' build argument 'cmake_target_skip_unavailable' from command line to 'False'
[0.628s] Level 5:colcon.colcon_core.verb:set package 'booster_rpc_client' build argument 'cmake_clean_cache' from command line to 'False'
[0.628s] Level 5:colcon.colcon_core.verb:set package 'booster_rpc_client' build argument 'cmake_clean_first' from command line to 'False'
[0.628s] Level 5:colcon.colcon_core.verb:set package 'booster_rpc_client' build argument 'cmake_force_configure' from command line to 'False'
[0.628s] Level 5:colcon.colcon_core.verb:set package 'booster_rpc_client' build argument 'ament_cmake_args' from command line to 'None'
[0.628s] Level 5:colcon.colcon_core.verb:set package 'booster_rpc_client' build argument 'catkin_cmake_args' from command line to 'None'
[0.628s] Level 5:colcon.colcon_core.verb:set package 'booster_rpc_client' build argument 'catkin_skip_building_tests' from command line to 'False'
[0.628s] DEBUG:colcon.colcon_core.verb:Building package 'booster_rpc_client' with the following arguments: {'ament_cmake_args': None, 'build_base': '/home/booster/Workspace/boosterxjw/booster_ros2_example/build/booster_rpc_client', 'catkin_cmake_args': None, 'catkin_skip_building_tests': False, 'cmake_args': None, 'cmake_clean_cache': False, 'cmake_clean_first': False, 'cmake_force_configure': False, 'cmake_target': None, 'cmake_target_skip_unavailable': False, 'install_base': '/home/booster/Workspace/boosterxjw/booster_ros2_example/install/booster_rpc_client', 'merge_install': False, 'path': '/home/booster/Workspace/boosterxjw/booster_ros2_example/rpc_client', 'symlink_install': False, 'test_result_base': None}
[0.629s] Level 5:colcon.colcon_core.verb:set package 'low_level' build argument 'cmake_args' from command line to 'None'
[0.629s] Level 5:colcon.colcon_core.verb:set package 'low_level' build argument 'cmake_target' from command line to 'None'
[0.629s] Level 5:colcon.colcon_core.verb:set package 'low_level' build argument 'cmake_target_skip_unavailable' from command line to 'False'
[0.629s] Level 5:colcon.colcon_core.verb:set package 'low_level' build argument 'cmake_clean_cache' from command line to 'False'
[0.629s] Level 5:colcon.colcon_core.verb:set package 'low_level' build argument 'cmake_clean_first' from command line to 'False'
[0.629s] Level 5:colcon.colcon_core.verb:set package 'low_level' build argument 'cmake_force_configure' from command line to 'False'
[0.629s] Level 5:colcon.colcon_core.verb:set package 'low_level' build argument 'ament_cmake_args' from command line to 'None'
[0.629s] Level 5:colcon.colcon_core.verb:set package 'low_level' build argument 'catkin_cmake_args' from command line to 'None'
[0.629s] Level 5:colcon.colcon_core.verb:set package 'low_level' build argument 'catkin_skip_building_tests' from command line to 'False'
[0.629s] DEBUG:colcon.colcon_core.verb:Building package 'low_level' with the following arguments: {'ament_cmake_args': None, 'build_base': '/home/booster/Workspace/boosterxjw/booster_ros2_example/build/low_level', 'catkin_cmake_args': None, 'catkin_skip_building_tests': False, 'cmake_args': None, 'cmake_clean_cache': False, 'cmake_clean_first': False, 'cmake_force_configure': False, 'cmake_target': None, 'cmake_target_skip_unavailable': False, 'install_base': '/home/booster/Workspace/boosterxjw/booster_ros2_example/install/low_level', 'merge_install': False, 'path': '/home/booster/Workspace/boosterxjw/booster_ros2_example/low_level', 'symlink_install': False, 'test_result_base': None}
[0.630s] INFO:colcon.colcon_core.executor:Executing jobs using 'parallel' executor
[0.632s] DEBUG:colcon.colcon_parallel_executor.executor.parallel:run_until_complete
[0.632s] INFO:colcon.colcon_ros.task.ament_cmake.build:Building ROS package in '/home/booster/Workspace/boosterxjw/booster_ros2_example/rpc_client' with build type 'ament_cmake'
[0.633s] INFO:colcon.colcon_cmake.task.cmake.build:Building CMake package in '/home/booster/Workspace/boosterxjw/booster_ros2_example/rpc_client'
[0.636s] INFO:colcon.colcon_core.plugin_system:Skipping extension 'colcon_core.shell.bat': Not used on non-Windows systems
[0.636s] INFO:colcon.colcon_core.shell:Skip shell extension 'powershell' for command environment: Not usable outside of PowerShell
[0.636s] DEBUG:colcon.colcon_core.shell:Skip shell extension 'dsv' for command environment
[0.642s] INFO:colcon.colcon_ros.task.ament_cmake.build:Building ROS package in '/home/booster/Workspace/boosterxjw/booster_ros2_example/low_level' with build type 'ament_cmake'
[0.643s] INFO:colcon.colcon_cmake.task.cmake.build:Building CMake package in '/home/booster/Workspace/boosterxjw/booster_ros2_example/low_level'
[0.643s] INFO:colcon.colcon_core.shell:Skip shell extension 'powershell' for command environment: Not usable outside of PowerShell
[0.644s] DEBUG:colcon.colcon_core.shell:Skip shell extension 'dsv' for command environment
[0.657s] DEBUG:colcon.colcon_core.event_handler.log_command:Invoking command in '/home/booster/Workspace/boosterxjw/booster_ros2_example/build/booster_rpc_client': CMAKE_PREFIX_PATH=${CMAKE_PREFIX_PATH}:/opt/ros/humble /usr/bin/cmake --build /home/booster/Workspace/boosterxjw/booster_ros2_example/build/booster_rpc_client -- -j8 -l8
[0.664s] DEBUG:colcon.colcon_core.event_handler.log_command:Invoking command in '/home/booster/Workspace/boosterxjw/booster_ros2_example/build/low_level': CMAKE_PREFIX_PATH=${CMAKE_PREFIX_PATH}:/opt/ros/humble /usr/bin/cmake --build /home/booster/Workspace/boosterxjw/booster_ros2_example/build/low_level -- -j8 -l8
[0.767s] DEBUG:colcon.colcon_core.event_handler.log_command:Invoked command in '/home/booster/Workspace/boosterxjw/booster_ros2_example/build/low_level' returned '0': CMAKE_PREFIX_PATH=${CMAKE_PREFIX_PATH}:/opt/ros/humble /usr/bin/cmake --build /home/booster/Workspace/boosterxjw/booster_ros2_example/build/low_level -- -j8 -l8
[0.786s] DEBUG:colcon.colcon_core.event_handler.log_command:Invoking command in '/home/booster/Workspace/boosterxjw/booster_ros2_example/build/low_level': CMAKE_PREFIX_PATH=${CMAKE_PREFIX_PATH}:/opt/ros/humble /usr/bin/cmake --install /home/booster/Workspace/boosterxjw/booster_ros2_example/build/low_level
[0.806s] Level 1:colcon.colcon_core.environment:create_environment_scripts_only(low_level)
[0.807s] DEBUG:colcon.colcon_core.event_handler.log_command:Invoked command in '/home/booster/Workspace/boosterxjw/booster_ros2_example/build/low_level' returned '0': CMAKE_PREFIX_PATH=${CMAKE_PREFIX_PATH}:/opt/ros/humble /usr/bin/cmake --install /home/booster/Workspace/boosterxjw/booster_ros2_example/build/low_level
[0.812s] Level 1:colcon.colcon_core.environment:checking '/home/booster/Workspace/boosterxjw/booster_ros2_example/install/low_level' for CMake module files
[0.813s] Level 1:colcon.colcon_core.environment:checking '/home/booster/Workspace/boosterxjw/booster_ros2_example/install/low_level' for CMake config files
[0.813s] Level 1:colcon.colcon_core.shell:create_environment_hook('low_level', 'cmake_prefix_path')
[0.814s] INFO:colcon.colcon_core.shell:Creating environment hook '/home/booster/Workspace/boosterxjw/booster_ros2_example/install/low_level/share/low_level/hook/cmake_prefix_path.ps1'
[0.815s] INFO:colcon.colcon_core.shell:Creating environment descriptor '/home/booster/Workspace/boosterxjw/booster_ros2_example/install/low_level/share/low_level/hook/cmake_prefix_path.dsv'
[0.816s] INFO:colcon.colcon_core.shell:Creating environment hook '/home/booster/Workspace/boosterxjw/booster_ros2_example/install/low_level/share/low_level/hook/cmake_prefix_path.sh'
[0.818s] Level 1:colcon.colcon_core.environment:checking '/home/booster/Workspace/boosterxjw/booster_ros2_example/install/low_level/lib'
[0.819s] Level 1:colcon.colcon_core.environment:checking '/home/booster/Workspace/boosterxjw/booster_ros2_example/install/low_level/bin'
[0.819s] Level 1:colcon.colcon_core.environment:checking '/home/booster/Workspace/boosterxjw/booster_ros2_example/install/low_level/lib/pkgconfig/low_level.pc'
[0.819s] Level 1:colcon.colcon_core.environment:checking '/home/booster/Workspace/boosterxjw/booster_ros2_example/install/low_level/lib/python3.10/site-packages'
[0.820s] Level 1:colcon.colcon_core.environment:checking '/home/booster/Workspace/boosterxjw/booster_ros2_example/install/low_level/bin'
[0.820s] INFO:colcon.colcon_core.shell:Creating package script '/home/booster/Workspace/boosterxjw/booster_ros2_example/install/low_level/share/low_level/package.ps1'
[0.822s] INFO:colcon.colcon_core.shell:Creating package descriptor '/home/booster/Workspace/boosterxjw/booster_ros2_example/install/low_level/share/low_level/package.dsv'
[0.822s] INFO:colcon.colcon_core.shell:Creating package script '/home/booster/Workspace/boosterxjw/booster_ros2_example/install/low_level/share/low_level/package.sh'
[0.823s] INFO:colcon.colcon_core.shell:Creating package script '/home/booster/Workspace/boosterxjw/booster_ros2_example/install/low_level/share/low_level/package.bash'
[0.825s] INFO:colcon.colcon_core.shell:Creating package script '/home/booster/Workspace/boosterxjw/booster_ros2_example/install/low_level/share/low_level/package.zsh'
[0.826s] Level 1:colcon.colcon_core.environment:create_file_with_runtime_dependencies(/home/booster/Workspace/boosterxjw/booster_ros2_example/install/low_level/share/colcon-core/packages/low_level)
[0.828s] Level 1:colcon.colcon_core.environment:create_environment_scripts_only(low_level)
[0.828s] Level 1:colcon.colcon_core.environment:checking '/home/booster/Workspace/boosterxjw/booster_ros2_example/install/low_level' for CMake module files
[0.829s] Level 1:colcon.colcon_core.environment:checking '/home/booster/Workspace/boosterxjw/booster_ros2_example/install/low_level' for CMake config files
[0.829s] Level 1:colcon.colcon_core.shell:create_environment_hook('low_level', 'cmake_prefix_path')
[0.830s] INFO:colcon.colcon_core.shell:Creating environment hook '/home/booster/Workspace/boosterxjw/booster_ros2_example/install/low_level/share/low_level/hook/cmake_prefix_path.ps1'
[0.831s] INFO:colcon.colcon_core.shell:Creating environment descriptor '/home/booster/Workspace/boosterxjw/booster_ros2_example/install/low_level/share/low_level/hook/cmake_prefix_path.dsv'
[0.832s] INFO:colcon.colcon_core.shell:Creating environment hook '/home/booster/Workspace/boosterxjw/booster_ros2_example/install/low_level/share/low_level/hook/cmake_prefix_path.sh'
[0.833s] Level 1:colcon.colcon_core.environment:checking '/home/booster/Workspace/boosterxjw/booster_ros2_example/install/low_level/lib'
[0.833s] Level 1:colcon.colcon_core.environment:checking '/home/booster/Workspace/boosterxjw/booster_ros2_example/install/low_level/bin'
[0.833s] Level 1:colcon.colcon_core.environment:checking '/home/booster/Workspace/boosterxjw/booster_ros2_example/install/low_level/lib/pkgconfig/low_level.pc'
[0.833s] Level 1:colcon.colcon_core.environment:checking '/home/booster/Workspace/boosterxjw/booster_ros2_example/install/low_level/lib/python3.10/site-packages'
[0.834s] Level 1:colcon.colcon_core.environment:checking '/home/booster/Workspace/boosterxjw/booster_ros2_example/install/low_level/bin'
[0.834s] INFO:colcon.colcon_core.shell:Creating package script '/home/booster/Workspace/boosterxjw/booster_ros2_example/install/low_level/share/low_level/package.ps1'
[0.835s] INFO:colcon.colcon_core.shell:Creating package descriptor '/home/booster/Workspace/boosterxjw/booster_ros2_example/install/low_level/share/low_level/package.dsv'
[0.836s] INFO:colcon.colcon_core.shell:Creating package script '/home/booster/Workspace/boosterxjw/booster_ros2_example/install/low_level/share/low_level/package.sh'
[0.836s] INFO:colcon.colcon_core.shell:Creating package script '/home/booster/Workspace/boosterxjw/booster_ros2_example/install/low_level/share/low_level/package.bash'
[0.837s] INFO:colcon.colcon_core.shell:Creating package script '/home/booster/Workspace/boosterxjw/booster_ros2_example/install/low_level/share/low_level/package.zsh'
[0.838s] Level 1:colcon.colcon_core.environment:create_file_with_runtime_dependencies(/home/booster/Workspace/boosterxjw/booster_ros2_example/install/low_level/share/colcon-core/packages/low_level)
[21.441s] DEBUG:colcon.colcon_core.event_handler.log_command:Invoked command in '/home/booster/Workspace/boosterxjw/booster_ros2_example/build/booster_rpc_client' returned '0': CMAKE_PREFIX_PATH=${CMAKE_PREFIX_PATH}:/opt/ros/humble /usr/bin/cmake --build /home/booster/Workspace/boosterxjw/booster_ros2_example/build/booster_rpc_client -- -j8 -l8
[21.445s] DEBUG:colcon.colcon_core.event_handler.log_command:Invoking command in '/home/booster/Workspace/boosterxjw/booster_ros2_example/build/booster_rpc_client': CMAKE_PREFIX_PATH=${CMAKE_PREFIX_PATH}:/opt/ros/humble /usr/bin/cmake --install /home/booster/Workspace/boosterxjw/booster_ros2_example/build/booster_rpc_client
[21.483s] Level 1:colcon.colcon_core.environment:create_environment_scripts_only(booster_rpc_client)
[21.484s] Level 1:colcon.colcon_core.environment:checking '/home/booster/Workspace/boosterxjw/booster_ros2_example/install/booster_rpc_client' for CMake module files
[21.485s] DEBUG:colcon.colcon_core.event_handler.log_command:Invoked command in '/home/booster/Workspace/boosterxjw/booster_ros2_example/build/booster_rpc_client' returned '0': CMAKE_PREFIX_PATH=${CMAKE_PREFIX_PATH}:/opt/ros/humble /usr/bin/cmake --install /home/booster/Workspace/boosterxjw/booster_ros2_example/build/booster_rpc_client
[21.486s] Level 1:colcon.colcon_core.environment:checking '/home/booster/Workspace/boosterxjw/booster_ros2_example/install/booster_rpc_client' for CMake config files
[21.487s] Level 1:colcon.colcon_core.shell:create_environment_hook('booster_rpc_client', 'cmake_prefix_path')
[21.487s] INFO:colcon.colcon_core.shell:Creating environment hook '/home/booster/Workspace/boosterxjw/booster_ros2_example/install/booster_rpc_client/share/booster_rpc_client/hook/cmake_prefix_path.ps1'
[21.489s] INFO:colcon.colcon_core.shell:Creating environment descriptor '/home/booster/Workspace/boosterxjw/booster_ros2_example/install/booster_rpc_client/share/booster_rpc_client/hook/cmake_prefix_path.dsv'
[21.490s] INFO:colcon.colcon_core.shell:Creating environment hook '/home/booster/Workspace/boosterxjw/booster_ros2_example/install/booster_rpc_client/share/booster_rpc_client/hook/cmake_prefix_path.sh'
[21.492s] Level 1:colcon.colcon_core.environment:checking '/home/booster/Workspace/boosterxjw/booster_ros2_example/install/booster_rpc_client/lib'
[21.492s] Level 1:colcon.colcon_core.environment:checking '/home/booster/Workspace/boosterxjw/booster_ros2_example/install/booster_rpc_client/bin'
[21.492s] Level 1:colcon.colcon_core.environment:checking '/home/booster/Workspace/boosterxjw/booster_ros2_example/install/booster_rpc_client/lib/pkgconfig/booster_rpc_client.pc'
[21.493s] Level 1:colcon.colcon_core.environment:checking '/home/booster/Workspace/boosterxjw/booster_ros2_example/install/booster_rpc_client/lib/python3.10/site-packages'
[21.493s] Level 1:colcon.colcon_core.environment:checking '/home/booster/Workspace/boosterxjw/booster_ros2_example/install/booster_rpc_client/bin'
[21.494s] INFO:colcon.colcon_core.shell:Creating package script '/home/booster/Workspace/boosterxjw/booster_ros2_example/install/booster_rpc_client/share/booster_rpc_client/package.ps1'
[21.496s] INFO:colcon.colcon_core.shell:Creating package descriptor '/home/booster/Workspace/boosterxjw/booster_ros2_example/install/booster_rpc_client/share/booster_rpc_client/package.dsv'
[21.497s] INFO:colcon.colcon_core.shell:Creating package script '/home/booster/Workspace/boosterxjw/booster_ros2_example/install/booster_rpc_client/share/booster_rpc_client/package.sh'
[21.497s] INFO:colcon.colcon_core.shell:Creating package script '/home/booster/Workspace/boosterxjw/booster_ros2_example/install/booster_rpc_client/share/booster_rpc_client/package.bash'
[21.498s] INFO:colcon.colcon_core.shell:Creating package script '/home/booster/Workspace/boosterxjw/booster_ros2_example/install/booster_rpc_client/share/booster_rpc_client/package.zsh'
[21.498s] Level 1:colcon.colcon_core.environment:create_file_with_runtime_dependencies(/home/booster/Workspace/boosterxjw/booster_ros2_example/install/booster_rpc_client/share/colcon-core/packages/booster_rpc_client)
[21.500s] Level 1:colcon.colcon_core.environment:create_environment_scripts_only(booster_rpc_client)
[21.500s] Level 1:colcon.colcon_core.environment:checking '/home/booster/Workspace/boosterxjw/booster_ros2_example/install/booster_rpc_client' for CMake module files
[21.501s] Level 1:colcon.colcon_core.environment:checking '/home/booster/Workspace/boosterxjw/booster_ros2_example/install/booster_rpc_client' for CMake config files
[21.502s] Level 1:colcon.colcon_core.shell:create_environment_hook('booster_rpc_client', 'cmake_prefix_path')
[21.502s] INFO:colcon.colcon_core.shell:Creating environment hook '/home/booster/Workspace/boosterxjw/booster_ros2_example/install/booster_rpc_client/share/booster_rpc_client/hook/cmake_prefix_path.ps1'
[21.503s] INFO:colcon.colcon_core.shell:Creating environment descriptor '/home/booster/Workspace/boosterxjw/booster_ros2_example/install/booster_rpc_client/share/booster_rpc_client/hook/cmake_prefix_path.dsv'
[21.504s] INFO:colcon.colcon_core.shell:Creating environment hook '/home/booster/Workspace/boosterxjw/booster_ros2_example/install/booster_rpc_client/share/booster_rpc_client/hook/cmake_prefix_path.sh'
[21.505s] Level 1:colcon.colcon_core.environment:checking '/home/booster/Workspace/boosterxjw/booster_ros2_example/install/booster_rpc_client/lib'
[21.505s] Level 1:colcon.colcon_core.environment:checking '/home/booster/Workspace/boosterxjw/booster_ros2_example/install/booster_rpc_client/bin'
[21.505s] Level 1:colcon.colcon_core.environment:checking '/home/booster/Workspace/boosterxjw/booster_ros2_example/install/booster_rpc_client/lib/pkgconfig/booster_rpc_client.pc'
[21.506s] Level 1:colcon.colcon_core.environment:checking '/home/booster/Workspace/boosterxjw/booster_ros2_example/install/booster_rpc_client/lib/python3.10/site-packages'
[21.506s] Level 1:colcon.colcon_core.environment:checking '/home/booster/Workspace/boosterxjw/booster_ros2_example/install/booster_rpc_client/bin'
[21.506s] INFO:colcon.colcon_core.shell:Creating package script '/home/booster/Workspace/boosterxjw/booster_ros2_example/install/booster_rpc_client/share/booster_rpc_client/package.ps1'
[21.508s] INFO:colcon.colcon_core.shell:Creating package descriptor '/home/booster/Workspace/boosterxjw/booster_ros2_example/install/booster_rpc_client/share/booster_rpc_client/package.dsv'
[21.509s] INFO:colcon.colcon_core.shell:Creating package script '/home/booster/Workspace/boosterxjw/booster_ros2_example/install/booster_rpc_client/share/booster_rpc_client/package.sh'
[21.509s] INFO:colcon.colcon_core.shell:Creating package script '/home/booster/Workspace/boosterxjw/booster_ros2_example/install/booster_rpc_client/share/booster_rpc_client/package.bash'
[21.510s] INFO:colcon.colcon_core.shell:Creating package script '/home/booster/Workspace/boosterxjw/booster_ros2_example/install/booster_rpc_client/share/booster_rpc_client/package.zsh'
[21.511s] Level 1:colcon.colcon_core.environment:create_file_with_runtime_dependencies(/home/booster/Workspace/boosterxjw/booster_ros2_example/install/booster_rpc_client/share/colcon-core/packages/booster_rpc_client)
[21.511s] DEBUG:colcon.colcon_parallel_executor.executor.parallel:closing loop
[21.512s] DEBUG:colcon.colcon_parallel_executor.executor.parallel:loop closed
[21.512s] DEBUG:colcon.colcon_parallel_executor.executor.parallel:run_until_complete finished with '0'
[21.512s] DEBUG:colcon.colcon_core.event_reactor:joining thread
[21.522s] INFO:colcon.colcon_core.plugin_system:Skipping extension 'colcon_notification.desktop_notification.terminal_notifier': Not used on non-Darwin systems
[21.522s] INFO:colcon.colcon_core.plugin_system:Skipping extension 'colcon_notification.desktop_notification.win32': Not used on non-Windows systems
[21.523s] INFO:colcon.colcon_notification.desktop_notification:Sending desktop notification using 'notify2'
[46.535s] DEBUG:colcon.colcon_notification.desktop_notification.notify2:Failed to initialize notify2: org.freedesktop.DBus.Error.NoReply: Did not receive a reply. Possible causes include: the remote application did not send a reply, the message bus security policy blocked the reply, the reply timeout expired, or the network connection was broken.
[46.536s] DEBUG:colcon.colcon_core.event_reactor:joined thread
[46.537s] INFO:colcon.colcon_core.shell:Creating prefix script '/home/booster/Workspace/boosterxjw/booster_ros2_example/install/local_setup.ps1'
[46.540s] INFO:colcon.colcon_core.shell:Creating prefix util module '/home/booster/Workspace/boosterxjw/booster_ros2_example/install/_local_setup_util_ps1.py'
[46.544s] INFO:colcon.colcon_core.shell:Creating prefix chain script '/home/booster/Workspace/boosterxjw/booster_ros2_example/install/setup.ps1'
[46.547s] INFO:colcon.colcon_core.shell:Creating prefix script '/home/booster/Workspace/boosterxjw/booster_ros2_example/install/local_setup.sh'
[46.547s] INFO:colcon.colcon_core.shell:Creating prefix util module '/home/booster/Workspace/boosterxjw/booster_ros2_example/install/_local_setup_util_sh.py'
[46.549s] INFO:colcon.colcon_core.shell:Creating prefix chain script '/home/booster/Workspace/boosterxjw/booster_ros2_example/install/setup.sh'
[46.552s] INFO:colcon.colcon_core.shell:Creating prefix script '/home/booster/Workspace/boosterxjw/booster_ros2_example/install/local_setup.bash'
[46.553s] INFO:colcon.colcon_core.shell:Creating prefix chain script '/home/booster/Workspace/boosterxjw/booster_ros2_example/install/setup.bash'
[46.554s] INFO:colcon.colcon_core.shell:Creating prefix script '/home/booster/Workspace/boosterxjw/booster_ros2_example/install/local_setup.zsh'
[46.556s] INFO:colcon.colcon_core.shell:Creating prefix chain script '/home/booster/Workspace/boosterxjw/booster_ros2_example/install/setup.zsh'
