[0.020s] Invoking command in '/home/booster/Workspace/boosterxjw/booster_nav2_controller/build/booster_nav2_controller': CMAKE_PREFIX_PATH=${CMAKE_PREFIX_PATH}:/opt/ros/humble /usr/bin/cmake /home/booster/Workspace/boosterxjw/booster_nav2_controller -DCMAKE_INSTALL_PREFIX=/home/booster/Workspace/boosterxjw/booster_nav2_controller/install/booster_nav2_controller
[0.039s] -- Found ament_cmake: 1.3.11 (/opt/ros/humble/share/ament_cmake/cmake)
[0.299s] -- Found rclcpp: 16.0.12 (/opt/ros/humble/share/rclcpp/cmake)
[0.354s] -- Found rosidl_generator_c: 3.1.6 (/opt/ros/humble/share/rosidl_generator_c/cmake)
[0.357s] -- Found rosidl_adapter: 3.1.6 (/opt/ros/humble/share/rosidl_adapter/cmake)
[0.366s] -- Found rosidl_generator_cpp: 3.1.6 (/opt/ros/humble/share/rosidl_generator_cpp/cmake)
[0.381s] -- Using all available rosidl_typesupport_c: rosidl_typesupport_fastrtps_c;rosidl_typesupport_introspection_c
[0.397s] -- Using all available rosidl_typesupport_cpp: rosidl_typesupport_fastrtps_cpp;rosidl_typesupport_introspection_cpp
[0.441s] -- Found rmw_implementation_cmake: 6.1.2 (/opt/ros/humble/share/rmw_implementation_cmake/cmake)
[0.443s] -- Found rmw_fastrtps_cpp: 6.2.7 (/opt/ros/humble/share/rmw_fastrtps_cpp/cmake)
[0.605s] -- Using RMW implementation 'rmw_fastrtps_cpp' as default
[0.672s] -- Found geometry_msgs: 4.8.0 (/opt/ros/humble/share/geometry_msgs/cmake)
[0.688s] -- Found nav2_msgs: 1.1.18 (/opt/ros/humble/share/nav2_msgs/cmake)
[0.768s] -- Found tf2_ros: 0.25.12 (/opt/ros/humble/share/tf2_ros/cmake)
[0.847s] -- Found tf2_geometry_msgs: 0.25.12 (/opt/ros/humble/share/tf2_geometry_msgs/cmake)
[0.851s] -- Found eigen3_cmake_module: 0.1.1 (/opt/ros/humble/share/eigen3_cmake_module/cmake)
[0.853s] -- Ensuring Eigen3 include directory is part of orocos-kdl CMake target
[0.855s] [31mCMake Error at CMakeLists.txt:29 (target_link_libraries):
[0.855s]   Cannot specify link libraries for target "booster_nav2_controller" which is
[0.855s]   not built by this project.
[0.855s] 
[0.856s] [0m
[0.856s] -- Configuring incomplete, errors occurred!
[0.856s] See also "/home/booster/Workspace/boosterxjw/booster_nav2_controller/build/booster_nav2_controller/CMakeFiles/CMakeOutput.log".
[0.875s] Invoked command in '/home/booster/Workspace/boosterxjw/booster_nav2_controller/build/booster_nav2_controller' returned '1': CMAKE_PREFIX_PATH=${CMAKE_PREFIX_PATH}:/opt/ros/humble /usr/bin/cmake /home/booster/Workspace/boosterxjw/booster_nav2_controller -DCMAKE_INSTALL_PREFIX=/home/booster/Workspace/boosterxjw/booster_nav2_controller/install/booster_nav2_controller
