[0.019s] Invoking command in '/home/booster/Workspace/boosterxjw/booster_ros2_example/build/low_level': CMAKE_PREFIX_PATH=${CMAKE_PREFIX_PATH}:/opt/ros/humble /usr/bin/cmake /home/booster/Workspace/boosterxjw/booster_ros2_example/low_level -DCMAKE_INSTALL_PREFIX=/home/booster/Workspace/boosterxjw/booster_ros2_example/install/low_level
[0.109s] -- The C compiler identification is GNU 11.4.0
[0.225s] -- The CXX compiler identification is GNU 11.4.0
[0.242s] -- Detecting C compiler ABI info
[0.369s] -- Detecting C compiler ABI info - done
[0.381s] -- Check for working C compiler: /usr/bin/cc - skipped
[0.381s] -- Detecting C compile features
[0.382s] -- Detecting C compile features - done
[0.389s] -- Detecting CXX compiler ABI info
[0.531s] -- Detecting CXX compiler ABI info - done
[0.546s] -- Check for working CXX compiler: /usr/bin/c++ - skipped
[0.547s] -- Detecting CXX compile features
[0.549s] -- Detecting CXX compile features - done
[0.558s] -- Found ament_cmake: 1.3.11 (/opt/ros/humble/share/ament_cmake/cmake)
[0.857s] -- Found Python3: /usr/bin/python3 (found version "3.10.12") found components: Interpreter 
[1.058s] -- Found rclcpp: 16.0.12 (/opt/ros/humble/share/rclcpp/cmake)
[1.141s] -- Found rosidl_generator_c: 3.1.6 (/opt/ros/humble/share/rosidl_generator_c/cmake)
[1.149s] -- Found rosidl_adapter: 3.1.6 (/opt/ros/humble/share/rosidl_adapter/cmake)
[1.162s] -- Found rosidl_generator_cpp: 3.1.6 (/opt/ros/humble/share/rosidl_generator_cpp/cmake)
[1.181s] -- Using all available rosidl_typesupport_c: rosidl_typesupport_fastrtps_c;rosidl_typesupport_introspection_c
[1.207s] -- Using all available rosidl_typesupport_cpp: rosidl_typesupport_fastrtps_cpp;rosidl_typesupport_introspection_cpp
[1.277s] -- Found rmw_implementation_cmake: 6.1.2 (/opt/ros/humble/share/rmw_implementation_cmake/cmake)
[1.281s] -- Found rmw_fastrtps_cpp: 6.2.7 (/opt/ros/humble/share/rmw_fastrtps_cpp/cmake)
[1.429s] -- Found OpenSSL: /usr/lib/aarch64-linux-gnu/libcrypto.so (found version "3.0.2")  
[1.478s] -- Found FastRTPS: /opt/ros/humble/include  
[1.545s] -- Using RMW implementation 'rmw_fastrtps_cpp' as default
[1.559s] -- Looking for pthread.h
[1.684s] -- Looking for pthread.h - found
[1.685s] -- Performing Test CMAKE_HAVE_LIBC_PTHREAD
[1.823s] -- Performing Test CMAKE_HAVE_LIBC_PTHREAD - Success
[1.825s] -- Found Threads: TRUE  
[1.912s] -- Found booster_interface: 0.0.0 (/home/booster/Workspace/boosterxjw/booster_ros2_interface/install/booster_interface/share/booster_interface/cmake)
[1.928s] -- Found rosidl_default_generators: 1.2.0 (/opt/ros/humble/share/rosidl_default_generators/cmake)
[1.947s] -- Found ament_lint_auto: 0.12.12 (/opt/ros/humble/share/ament_lint_auto/cmake)
[2.099s] -- Added test 'cppcheck' to perform static code analysis on C / C++ code
[2.099s] -- Configured cppcheck include dirs: 
[2.100s] -- Configured cppcheck exclude dirs and/or files: 
[2.101s] -- Added test 'lint_cmake' to check CMake code style
[2.102s] -- Added test 'uncrustify' to check C / C++ code style
[2.103s] -- Configured uncrustify additional arguments: 
[2.103s] -- Added test 'xmllint' to check XML markup files
[2.106s] -- Configuring done
[2.125s] -- Generating done
[2.134s] -- Build files have been written to: /home/booster/Workspace/boosterxjw/booster_ros2_example/build/low_level
[2.160s] Invoked command in '/home/booster/Workspace/boosterxjw/booster_ros2_example/build/low_level' returned '0': CMAKE_PREFIX_PATH=${CMAKE_PREFIX_PATH}:/opt/ros/humble /usr/bin/cmake /home/booster/Workspace/boosterxjw/booster_ros2_example/low_level -DCMAKE_INSTALL_PREFIX=/home/booster/Workspace/boosterxjw/booster_ros2_example/install/low_level
[2.164s] Invoking command in '/home/booster/Workspace/boosterxjw/booster_ros2_example/build/low_level': CMAKE_PREFIX_PATH=${CMAKE_PREFIX_PATH}:/opt/ros/humble /usr/bin/cmake --build /home/booster/Workspace/boosterxjw/booster_ros2_example/build/low_level -- -j8 -l8
[2.251s] [ 50%] [32mBuilding CXX object CMakeFiles/low_level_subscriber_node.dir/src/low_level_subscriber.cpp.o[0m
[17.642s] [100%] [32m[1mLinking CXX executable low_level_subscriber_node[0m
[18.368s] [100%] Built target low_level_subscriber_node
[18.392s] Invoked command in '/home/booster/Workspace/boosterxjw/booster_ros2_example/build/low_level' returned '0': CMAKE_PREFIX_PATH=${CMAKE_PREFIX_PATH}:/opt/ros/humble /usr/bin/cmake --build /home/booster/Workspace/boosterxjw/booster_ros2_example/build/low_level -- -j8 -l8
[18.397s] Invoking command in '/home/booster/Workspace/boosterxjw/booster_ros2_example/build/low_level': CMAKE_PREFIX_PATH=${CMAKE_PREFIX_PATH}:/opt/ros/humble /usr/bin/cmake --install /home/booster/Workspace/boosterxjw/booster_ros2_example/build/low_level
[18.414s] -- Install configuration: ""
[18.414s] -- Installing: /home/booster/Workspace/boosterxjw/booster_ros2_example/install/low_level/lib/low_level/low_level_subscriber_node
[18.424s] -- Set runtime path of "/home/booster/Workspace/boosterxjw/booster_ros2_example/install/low_level/lib/low_level/low_level_subscriber_node" to ""
[18.425s] -- Installing: /home/booster/Workspace/boosterxjw/booster_ros2_example/install/low_level/share/ament_index/resource_index/package_run_dependencies/low_level
[18.425s] -- Installing: /home/booster/Workspace/boosterxjw/booster_ros2_example/install/low_level/share/ament_index/resource_index/parent_prefix_path/low_level
[18.426s] -- Installing: /home/booster/Workspace/boosterxjw/booster_ros2_example/install/low_level/share/low_level/environment/ament_prefix_path.sh
[18.426s] -- Installing: /home/booster/Workspace/boosterxjw/booster_ros2_example/install/low_level/share/low_level/environment/ament_prefix_path.dsv
[18.426s] -- Installing: /home/booster/Workspace/boosterxjw/booster_ros2_example/install/low_level/share/low_level/environment/path.sh
[18.426s] -- Installing: /home/booster/Workspace/boosterxjw/booster_ros2_example/install/low_level/share/low_level/environment/path.dsv
[18.426s] -- Installing: /home/booster/Workspace/boosterxjw/booster_ros2_example/install/low_level/share/low_level/local_setup.bash
[18.427s] -- Installing: /home/booster/Workspace/boosterxjw/booster_ros2_example/install/low_level/share/low_level/local_setup.sh
[18.427s] -- Installing: /home/booster/Workspace/boosterxjw/booster_ros2_example/install/low_level/share/low_level/local_setup.zsh
[18.428s] -- Installing: /home/booster/Workspace/boosterxjw/booster_ros2_example/install/low_level/share/low_level/local_setup.dsv
[18.428s] -- Installing: /home/booster/Workspace/boosterxjw/booster_ros2_example/install/low_level/share/low_level/package.dsv
[18.428s] -- Installing: /home/booster/Workspace/boosterxjw/booster_ros2_example/install/low_level/share/ament_index/resource_index/packages/low_level
[18.429s] -- Installing: /home/booster/Workspace/boosterxjw/booster_ros2_example/install/low_level/share/low_level/cmake/low_levelConfig.cmake
[18.429s] -- Installing: /home/booster/Workspace/boosterxjw/booster_ros2_example/install/low_level/share/low_level/cmake/low_levelConfig-version.cmake
[18.429s] -- Installing: /home/booster/Workspace/boosterxjw/booster_ros2_example/install/low_level/share/low_level/package.xml
[18.436s] Invoked command in '/home/booster/Workspace/boosterxjw/booster_ros2_example/build/low_level' returned '0': CMAKE_PREFIX_PATH=${CMAKE_PREFIX_PATH}:/opt/ros/humble /usr/bin/cmake --install /home/booster/Workspace/boosterxjw/booster_ros2_example/build/low_level
