[0.023s] Invoking command in '/home/booster/Workspace/boosterxjw/booster_ros2_example/build/low_level': CMAKE_PREFIX_PATH=${CMAKE_PREFIX_PATH}:/opt/ros/humble CONDA_PROMPT_MODIFIER=(base) /usr/bin/cmake --build /home/booster/Workspace/boosterxjw/booster_ros2_example/build/low_level -- -j8 -l8
[0.186s] [100%] Built target low_level_subscriber_node
[0.214s] Invoked command in '/home/booster/Workspace/boosterxjw/booster_ros2_example/build/low_level' returned '0': CMAKE_PREFIX_PATH=${CMAKE_PREFIX_PATH}:/opt/ros/humble CONDA_PROMPT_MODIFIER=(base) /usr/bin/cmake --build /home/booster/Workspace/boosterxjw/booster_ros2_example/build/low_level -- -j8 -l8
[0.237s] Invoking command in '/home/booster/Workspace/boosterxjw/booster_ros2_example/build/low_level': CMAKE_PREFIX_PATH=${CMAKE_PREFIX_PATH}:/opt/ros/humble CONDA_PROMPT_MODIFIER=(base) /usr/bin/cmake --install /home/booster/Workspace/boosterxjw/booster_ros2_example/build/low_level
[0.256s] -- Install configuration: ""
[0.257s] -- Up-to-date: /home/booster/Workspace/boosterxjw/booster_ros2_example/install/low_level/lib/low_level/low_level_subscriber_node
[0.258s] -- Up-to-date: /home/booster/Workspace/boosterxjw/booster_ros2_example/install/low_level/share/ament_index/resource_index/package_run_dependencies/low_level
[0.258s] -- Up-to-date: /home/booster/Workspace/boosterxjw/booster_ros2_example/install/low_level/share/ament_index/resource_index/parent_prefix_path/low_level
[0.259s] -- Up-to-date: /home/booster/Workspace/boosterxjw/booster_ros2_example/install/low_level/share/low_level/environment/ament_prefix_path.sh
[0.259s] -- Up-to-date: /home/booster/Workspace/boosterxjw/booster_ros2_example/install/low_level/share/low_level/environment/ament_prefix_path.dsv
[0.259s] -- Up-to-date: /home/booster/Workspace/boosterxjw/booster_ros2_example/install/low_level/share/low_level/environment/path.sh
[0.259s] -- Up-to-date: /home/booster/Workspace/boosterxjw/booster_ros2_example/install/low_level/share/low_level/environment/path.dsv
[0.259s] -- Up-to-date: /home/booster/Workspace/boosterxjw/booster_ros2_example/install/low_level/share/low_level/local_setup.bash
[0.260s] -- Up-to-date: /home/booster/Workspace/boosterxjw/booster_ros2_example/install/low_level/share/low_level/local_setup.sh
[0.260s] -- Up-to-date: /home/booster/Workspace/boosterxjw/booster_ros2_example/install/low_level/share/low_level/local_setup.zsh
[0.260s] -- Up-to-date: /home/booster/Workspace/boosterxjw/booster_ros2_example/install/low_level/share/low_level/local_setup.dsv
[0.260s] -- Installing: /home/booster/Workspace/boosterxjw/booster_ros2_example/install/low_level/share/low_level/package.dsv
[0.261s] -- Up-to-date: /home/booster/Workspace/boosterxjw/booster_ros2_example/install/low_level/share/ament_index/resource_index/packages/low_level
[0.261s] -- Up-to-date: /home/booster/Workspace/boosterxjw/booster_ros2_example/install/low_level/share/low_level/cmake/low_levelConfig.cmake
[0.262s] -- Up-to-date: /home/booster/Workspace/boosterxjw/booster_ros2_example/install/low_level/share/low_level/cmake/low_levelConfig-version.cmake
[0.262s] -- Up-to-date: /home/booster/Workspace/boosterxjw/booster_ros2_example/install/low_level/share/low_level/package.xml
[0.266s] Invoked command in '/home/booster/Workspace/boosterxjw/booster_ros2_example/build/low_level' returned '0': CMAKE_PREFIX_PATH=${CMAKE_PREFIX_PATH}:/opt/ros/humble CONDA_PROMPT_MODIFIER=(base) /usr/bin/cmake --install /home/booster/Workspace/boosterxjw/booster_ros2_example/build/low_level
