[0.020s] Invoking command in '/home/booster/Workspace/boosterxjw/booster_nav2_controller/build/booster_nav2_controller': CMAKE_PREFIX_PATH=${CMAKE_PREFIX_PATH}:/opt/ros/humble /usr/bin/cmake /home/booster/Workspace/boosterxjw/booster_nav2_controller -DCMAKE_INSTALL_PREFIX=/home/booster/Workspace/boosterxjw/booster_nav2_controller/install/booster_nav2_controller
[0.175s] -- The C compiler identification is GNU 11.4.0
[0.318s] -- The CXX compiler identification is GNU 11.4.0
[0.341s] -- Detecting C compiler ABI info
[0.473s] -- Detecting C compiler ABI info - done
[0.487s] -- Check for working C compiler: /usr/bin/cc - skipped
[0.488s] -- Detecting C compile features
[0.490s] -- Detecting C compile features - done
[0.498s] -- Detecting CXX compiler ABI info
[0.643s] -- Detecting CXX compiler ABI info - done
[0.658s] -- Check for working CXX compiler: /usr/bin/c++ - skipped
[0.658s] -- Detecting CXX compile features
[0.659s] -- Detecting CXX compile features - done
[0.667s] -- Found ament_cmake: 1.3.11 (/opt/ros/humble/share/ament_cmake/cmake)
[0.985s] -- Found Python3: /usr/bin/python3 (found version "3.10.12") found components: Interpreter 
[1.202s] -- Found rclcpp: 16.0.12 (/opt/ros/humble/share/rclcpp/cmake)
[1.306s] -- Found rosidl_generator_c: 3.1.6 (/opt/ros/humble/share/rosidl_generator_c/cmake)
[1.317s] -- Found rosidl_adapter: 3.1.6 (/opt/ros/humble/share/rosidl_adapter/cmake)
[1.338s] -- Found rosidl_generator_cpp: 3.1.6 (/opt/ros/humble/share/rosidl_generator_cpp/cmake)
[1.366s] -- Using all available rosidl_typesupport_c: rosidl_typesupport_fastrtps_c;rosidl_typesupport_introspection_c
[1.400s] -- Using all available rosidl_typesupport_cpp: rosidl_typesupport_fastrtps_cpp;rosidl_typesupport_introspection_cpp
[1.495s] -- Found rmw_implementation_cmake: 6.1.2 (/opt/ros/humble/share/rmw_implementation_cmake/cmake)
[1.501s] -- Found rmw_fastrtps_cpp: 6.2.7 (/opt/ros/humble/share/rmw_fastrtps_cpp/cmake)
[1.677s] -- Found OpenSSL: /usr/lib/aarch64-linux-gnu/libcrypto.so (found version "3.0.2")  
[1.733s] -- Found FastRTPS: /opt/ros/humble/include  
[1.803s] -- Using RMW implementation 'rmw_fastrtps_cpp' as default
[1.824s] -- Looking for pthread.h
[1.953s] -- Looking for pthread.h - found
[1.954s] -- Performing Test CMAKE_HAVE_LIBC_PTHREAD
[2.078s] -- Performing Test CMAKE_HAVE_LIBC_PTHREAD - Success
[2.082s] -- Found Threads: TRUE  
[2.222s] -- Found geometry_msgs: 4.8.0 (/opt/ros/humble/share/geometry_msgs/cmake)
[2.254s] -- Found nav2_msgs: 1.1.18 (/opt/ros/humble/share/nav2_msgs/cmake)
[2.389s] -- Found tf2_ros: 0.25.12 (/opt/ros/humble/share/tf2_ros/cmake)
[2.537s] -- Found tf2_geometry_msgs: 0.25.12 (/opt/ros/humble/share/tf2_geometry_msgs/cmake)
[2.566s] -- Found eigen3_cmake_module: 0.1.1 (/opt/ros/humble/share/eigen3_cmake_module/cmake)
[2.569s] -- Found Eigen3: TRUE (found version "3.4.0") 
[2.569s] -- Ensuring Eigen3 include directory is part of orocos-kdl CMake target
[2.571s] [31mCMake Error at CMakeLists.txt:29 (target_link_libraries):
[2.571s]   Cannot specify link libraries for target "booster_nav2_controller" which is
[2.571s]   not built by this project.
[2.572s] 
[2.572s] [0m
[2.572s] -- Configuring incomplete, errors occurred!
[2.572s] See also "/home/booster/Workspace/boosterxjw/booster_nav2_controller/build/booster_nav2_controller/CMakeFiles/CMakeOutput.log".
[2.599s] Invoked command in '/home/booster/Workspace/boosterxjw/booster_nav2_controller/build/booster_nav2_controller' returned '1': CMAKE_PREFIX_PATH=${CMAKE_PREFIX_PATH}:/opt/ros/humble /usr/bin/cmake /home/booster/Workspace/boosterxjw/booster_nav2_controller -DCMAKE_INSTALL_PREFIX=/home/booster/Workspace/boosterxjw/booster_nav2_controller/install/booster_nav2_controller
