-- Install configuration: ""
-- Up-to-date: /home/booster/Workspace/slamxjw/install/navigation_pkg/share/navigation_pkg//launch
-- Up-to-date: /home/booster/Workspace/slamxjw/install/navigation_pkg/share/navigation_pkg//launch/__pycache__
-- Up-to-date: /home/booster/Workspace/slamxjw/install/navigation_pkg/share/navigation_pkg//launch/__pycache__/nav2_demo_launch.cpython-310.pyc
-- Up-to-date: /home/booster/Workspace/slamxjw/install/navigation_pkg/share/navigation_pkg//launch/nav2_demo_launch.py
-- Up-to-date: /home/booster/Workspace/slamxjw/install/navigation_pkg/share/navigation_pkg//launch/navigation_launch_test.py
-- Up-to-date: /home/booster/Workspace/slamxjw/install/navigation_pkg/share/navigation_pkg//config
-- Up-to-date: /home/booster/Workspace/slamxjw/install/navigation_pkg/share/navigation_pkg//config/build
-- Up-to-date: /home/booster/Workspace/slamxjw/install/navigation_pkg/share/navigation_pkg//config/build/COLCON_IGNORE
-- Up-to-date: /home/booster/Workspace/slamxjw/install/navigation_pkg/share/navigation_pkg//config/build/.built_by
-- Up-to-date: /home/booster/Workspace/slamxjw/install/navigation_pkg/share/navigation_pkg//config/log
-- Up-to-date: /home/booster/Workspace/slamxjw/install/navigation_pkg/share/navigation_pkg//config/log/latest
-- Up-to-date: /home/booster/Workspace/slamxjw/install/navigation_pkg/share/navigation_pkg//config/log/COLCON_IGNORE
-- Up-to-date: /home/booster/Workspace/slamxjw/install/navigation_pkg/share/navigation_pkg//config/log/build_2025-05-15_13-54-40
-- Up-to-date: /home/booster/Workspace/slamxjw/install/navigation_pkg/share/navigation_pkg//config/log/build_2025-05-15_13-54-40/events.log
-- Up-to-date: /home/booster/Workspace/slamxjw/install/navigation_pkg/share/navigation_pkg//config/log/build_2025-05-15_13-54-40/logger_all.log
-- Up-to-date: /home/booster/Workspace/slamxjw/install/navigation_pkg/share/navigation_pkg//config/log/latest_build
-- Up-to-date: /home/booster/Workspace/slamxjw/install/navigation_pkg/share/navigation_pkg//config/factor_perception_nav2_params copy.yaml
-- Installing: /home/booster/Workspace/slamxjw/install/navigation_pkg/share/navigation_pkg//config/factor_perception_nav2_params.yaml
-- Up-to-date: /home/booster/Workspace/slamxjw/install/navigation_pkg/share/navigation_pkg//config/install
-- Up-to-date: /home/booster/Workspace/slamxjw/install/navigation_pkg/share/navigation_pkg//config/install/local_setup.ps1
-- Up-to-date: /home/booster/Workspace/slamxjw/install/navigation_pkg/share/navigation_pkg//config/install/local_setup.zsh
-- Up-to-date: /home/booster/Workspace/slamxjw/install/navigation_pkg/share/navigation_pkg//config/install/COLCON_IGNORE
-- Up-to-date: /home/booster/Workspace/slamxjw/install/navigation_pkg/share/navigation_pkg//config/install/setup.zsh
-- Up-to-date: /home/booster/Workspace/slamxjw/install/navigation_pkg/share/navigation_pkg//config/install/setup.bash
-- Up-to-date: /home/booster/Workspace/slamxjw/install/navigation_pkg/share/navigation_pkg//config/install/.colcon_install_layout
-- Up-to-date: /home/booster/Workspace/slamxjw/install/navigation_pkg/share/navigation_pkg//config/install/_local_setup_util_sh.py
-- Up-to-date: /home/booster/Workspace/slamxjw/install/navigation_pkg/share/navigation_pkg//config/install/local_setup.bash
-- Up-to-date: /home/booster/Workspace/slamxjw/install/navigation_pkg/share/navigation_pkg//config/install/setup.ps1
-- Up-to-date: /home/booster/Workspace/slamxjw/install/navigation_pkg/share/navigation_pkg//config/install/_local_setup_util_ps1.py
-- Up-to-date: /home/booster/Workspace/slamxjw/install/navigation_pkg/share/navigation_pkg//config/install/local_setup.sh
-- Up-to-date: /home/booster/Workspace/slamxjw/install/navigation_pkg/share/navigation_pkg//config/install/setup.sh
-- Up-to-date: /home/booster/Workspace/slamxjw/install/navigation_pkg/share/ament_index/resource_index/package_run_dependencies/navigation_pkg
-- Up-to-date: /home/booster/Workspace/slamxjw/install/navigation_pkg/share/ament_index/resource_index/parent_prefix_path/navigation_pkg
-- Up-to-date: /home/booster/Workspace/slamxjw/install/navigation_pkg/share/navigation_pkg/environment/ament_prefix_path.sh
-- Up-to-date: /home/booster/Workspace/slamxjw/install/navigation_pkg/share/navigation_pkg/environment/ament_prefix_path.dsv
-- Up-to-date: /home/booster/Workspace/slamxjw/install/navigation_pkg/share/navigation_pkg/environment/path.sh
-- Up-to-date: /home/booster/Workspace/slamxjw/install/navigation_pkg/share/navigation_pkg/environment/path.dsv
-- Up-to-date: /home/booster/Workspace/slamxjw/install/navigation_pkg/share/navigation_pkg/local_setup.bash
-- Up-to-date: /home/booster/Workspace/slamxjw/install/navigation_pkg/share/navigation_pkg/local_setup.sh
-- Up-to-date: /home/booster/Workspace/slamxjw/install/navigation_pkg/share/navigation_pkg/local_setup.zsh
-- Up-to-date: /home/booster/Workspace/slamxjw/install/navigation_pkg/share/navigation_pkg/local_setup.dsv
-- Installing: /home/booster/Workspace/slamxjw/install/navigation_pkg/share/navigation_pkg/package.dsv
-- Up-to-date: /home/booster/Workspace/slamxjw/install/navigation_pkg/share/ament_index/resource_index/packages/navigation_pkg
-- Up-to-date: /home/booster/Workspace/slamxjw/install/navigation_pkg/share/navigation_pkg/cmake/navigation_pkgConfig.cmake
-- Up-to-date: /home/booster/Workspace/slamxjw/install/navigation_pkg/share/navigation_pkg/cmake/navigation_pkgConfig-version.cmake
-- Up-to-date: /home/booster/Workspace/slamxjw/install/navigation_pkg/share/navigation_pkg/package.xml
