[0.019s] Invoking command in '/home/booster/Workspace/slamxjw/build/navigation_pkg': CMAKE_PREFIX_PATH=${CMAKE_PREFIX_PATH}:/opt/ros/humble /usr/bin/cmake --build /home/booster/Workspace/slamxjw/build/navigation_pkg -- -j8 -l8
[0.097s] Invoked command in '/home/booster/Workspace/slamxjw/build/navigation_pkg' returned '0': CMAKE_PREFIX_PATH=${CMAKE_PREFIX_PATH}:/opt/ros/humble /usr/bin/cmake --build /home/booster/Workspace/slamxjw/build/navigation_pkg -- -j8 -l8
[0.118s] Invoking command in '/home/booster/Workspace/slamxjw/build/navigation_pkg': CMAKE_PREFIX_PATH=${CMAKE_PREFIX_PATH}:/opt/ros/humble /usr/bin/cmake --install /home/booster/Workspace/slamxjw/build/navigation_pkg
[0.133s] -- Install configuration: ""
[0.133s] -- Up-to-date: /home/booster/Workspace/slamxjw/install/navigation_pkg/share/navigation_pkg//launch
[0.133s] -- Up-to-date: /home/booster/Workspace/slamxjw/install/navigation_pkg/share/navigation_pkg//launch/navigation_launch.py
[0.133s] -- Up-to-date: /home/booster/Workspace/slamxjw/install/navigation_pkg/share/ament_index/resource_index/package_run_dependencies/navigation_pkg
[0.134s] -- Up-to-date: /home/booster/Workspace/slamxjw/install/navigation_pkg/share/ament_index/resource_index/parent_prefix_path/navigation_pkg
[0.134s] -- Up-to-date: /home/booster/Workspace/slamxjw/install/navigation_pkg/share/navigation_pkg/environment/ament_prefix_path.sh
[0.134s] -- Up-to-date: /home/booster/Workspace/slamxjw/install/navigation_pkg/share/navigation_pkg/environment/ament_prefix_path.dsv
[0.135s] -- Up-to-date: /home/booster/Workspace/slamxjw/install/navigation_pkg/share/navigation_pkg/environment/path.sh
[0.135s] -- Up-to-date: /home/booster/Workspace/slamxjw/install/navigation_pkg/share/navigation_pkg/environment/path.dsv
[0.135s] -- Up-to-date: /home/booster/Workspace/slamxjw/install/navigation_pkg/share/navigation_pkg/local_setup.bash
[0.135s] -- Up-to-date: /home/booster/Workspace/slamxjw/install/navigation_pkg/share/navigation_pkg/local_setup.sh
[0.135s] -- Up-to-date: /home/booster/Workspace/slamxjw/install/navigation_pkg/share/navigation_pkg/local_setup.zsh
[0.136s] -- Up-to-date: /home/booster/Workspace/slamxjw/install/navigation_pkg/share/navigation_pkg/local_setup.dsv
[0.136s] -- Installing: /home/booster/Workspace/slamxjw/install/navigation_pkg/share/navigation_pkg/package.dsv
[0.136s] -- Up-to-date: /home/booster/Workspace/slamxjw/install/navigation_pkg/share/ament_index/resource_index/packages/navigation_pkg
[0.136s] -- Up-to-date: /home/booster/Workspace/slamxjw/install/navigation_pkg/share/navigation_pkg/cmake/navigation_pkgConfig.cmake
[0.136s] -- Up-to-date: /home/booster/Workspace/slamxjw/install/navigation_pkg/share/navigation_pkg/cmake/navigation_pkgConfig-version.cmake
[0.136s] -- Up-to-date: /home/booster/Workspace/slamxjw/install/navigation_pkg/share/navigation_pkg/package.xml
[0.140s] Invoked command in '/home/booster/Workspace/slamxjw/build/navigation_pkg' returned '0': CMAKE_PREFIX_PATH=${CMAKE_PREFIX_PATH}:/opt/ros/humble /usr/bin/cmake --install /home/booster/Workspace/slamxjw/build/navigation_pkg
